<?xml version="1.0" encoding="UTF-8"?>
<coverage generated="1771460650844" clover="3.2.0">
  <project timestamp="1771460650844" name="All files">
    <metrics statements="558" coveredstatements="190" conditionals="236" coveredconditionals="47" methods="75" coveredmethods="30" elements="869" coveredelements="267" complexity="0" loc="558" ncloc="558" packages="1" files="8" classes="8"/>
    <file name="app.js" path="C:\Users\celin\Downloads\cs48000_assignments\src\app.js">
      <metrics statements="29" coveredstatements="25" conditionals="7" coveredconditionals="0" methods="6" coveredmethods="5"/>
      <line num="8" count="1" type="stmt"/>
      <line num="9" count="1" type="stmt"/>
      <line num="10" count="1" type="stmt"/>
      <line num="11" count="1" type="stmt"/>
      <line num="13" count="1" type="stmt"/>
      <line num="23" count="1" type="stmt"/>
      <line num="24" count="1" type="stmt"/>
      <line num="33" count="1" type="stmt"/>
      <line num="34" count="1" type="stmt"/>
      <line num="41" count="1" type="stmt"/>
      <line num="42" count="1" type="stmt"/>
      <line num="50" count="1" type="stmt"/>
      <line num="51" count="4" type="stmt"/>
      <line num="52" count="4" type="stmt"/>
      <line num="56" count="4" type="stmt"/>
      <line num="70" count="1" type="stmt"/>
      <line num="76" count="1" type="stmt"/>
      <line num="77" count="1" type="stmt"/>
      <line num="114" count="1" type="stmt"/>
      <line num="115" count="1" type="stmt"/>
      <line num="209" count="1" type="stmt"/>
      <line num="210" count="1" type="stmt"/>
      <line num="229" count="1" type="stmt"/>
      <line num="230" count="0" type="stmt"/>
      <line num="237" count="0" type="cond" truecount="0" falsecount="3"/>
      <line num="238" count="0" type="cond" truecount="0" falsecount="2"/>
      <line num="240" count="0" type="stmt"/>
      <line num="248" count="1" type="stmt"/>
      <line num="251" count="1" type="stmt"/>
    </file>
    <file name="config.js" path="C:\Users\celin\Downloads\cs48000_assignments\src\config.js">
      <metrics statements="17" coveredstatements="9" conditionals="32" coveredconditionals="15" methods="2" coveredmethods="0"/>
      <line num="12" count="1" type="stmt"/>
      <line num="18" count="1" type="stmt"/>
      <line num="30" count="1" type="stmt"/>
      <line num="41" count="1" type="stmt"/>
      <line num="52" count="1" type="stmt"/>
      <line num="60" count="1" type="stmt"/>
      <line num="68" count="1" type="stmt"/>
      <line num="69" count="0" type="stmt"/>
      <line num="77" count="0" type="stmt"/>
      <line num="79" count="0" type="cond" truecount="0" falsecount="2"/>
      <line num="80" count="0" type="stmt"/>
      <line num="88" count="1" type="cond" truecount="1" falsecount="1"/>
      <line num="89" count="0" type="stmt"/>
      <line num="90" count="0" type="stmt"/>
      <line num="92" count="0" type="stmt"/>
      <line num="93" count="0" type="stmt"/>
      <line num="97" count="1" type="stmt"/>
    </file>
    <file name="dataIngestion.js" path="C:\Users\celin\Downloads\cs48000_assignments\src\dataIngestion.js">
      <metrics statements="177" coveredstatements="36" conditionals="126" coveredconditionals="21" methods="14" coveredmethods="6"/>
      <line num="18" count="1" type="stmt"/>
      <line num="19" count="1" type="stmt"/>
      <line num="20" count="1" type="stmt"/>
      <line num="21" count="1" type="stmt"/>
      <line num="22" count="1" type="stmt"/>
      <line num="23" count="1" type="stmt"/>
      <line num="24" count="1" type="stmt"/>
      <line num="34" count="1" type="stmt"/>
      <line num="42" count="4" type="cond" truecount="1" falsecount="1"/>
      <line num="55" count="3" type="cond" truecount="1" falsecount="1"/>
      <line num="57" count="3" type="cond" truecount="1" falsecount="1"/>
      <line num="75" count="3" type="cond" truecount="1" falsecount="1"/>
      <line num="78" count="3" type="cond" truecount="2" falsecount="0"/>
      <line num="79" count="1" type="stmt"/>
      <line num="82" count="2" type="cond" truecount="1" falsecount="1"/>
      <line num="83" count="0" type="stmt"/>
      <line num="86" count="2" type="stmt"/>
      <line num="89" count="2" type="cond" truecount="2" falsecount="0"/>
      <line num="90" count="1" type="stmt"/>
      <line num="94" count="1" type="cond" truecount="1" falsecount="1"/>
      <line num="95" count="1" type="stmt"/>
      <line num="96" count="1" type="stmt"/>
      <line num="100" count="0" type="cond" truecount="0" falsecount="2"/>
      <line num="101" count="0" type="stmt"/>
      <line num="103" count="0" type="stmt"/>
      <line num="104" count="0" type="cond" truecount="0" falsecount="2"/>
      <line num="105" count="0" type="stmt"/>
      <line num="109" count="0" type="stmt"/>
      <line num="122" count="2" type="stmt"/>
      <line num="124" count="2" type="cond" truecount="1" falsecount="1"/>
      <line num="139" count="4" type="cond" truecount="1" falsecount="1"/>
      <line num="140" count="4" type="cond" truecount="1" falsecount="1"/>
      <line num="142" count="4" type="stmt"/>
      <line num="144" count="4" type="cond" truecount="2" falsecount="0"/>
      <line num="145" count="2" type="stmt"/>
      <line num="147" count="2" type="cond" truecount="1" falsecount="1"/>
      <line num="148" count="2" type="stmt"/>
      <line num="151" count="0" type="stmt"/>
      <line num="165" count="4" type="cond" truecount="1" falsecount="1"/>
      <line num="167" count="4" type="stmt"/>
      <line num="168" count="4" type="cond" truecount="2" falsecount="0"/>
      <line num="176" count="1" type="stmt"/>
      <line num="191" count="0" type="stmt"/>
      <line num="192" count="0" type="stmt"/>
      <line num="195" count="0" type="stmt"/>
      <line num="199" count="0" type="stmt"/>
      <line num="201" count="0" type="stmt"/>
      <line num="219" count="0" type="stmt"/>
      <line num="220" count="0" type="stmt"/>
      <line num="221" count="0" type="stmt"/>
      <line num="224" count="0" type="stmt"/>
      <line num="225" count="0" type="stmt"/>
      <line num="227" count="0" type="stmt"/>
      <line num="242" count="0" type="stmt"/>
      <line num="244" count="0" type="cond" truecount="0" falsecount="2"/>
      <line num="245" count="0" type="stmt"/>
      <line num="246" count="0" type="stmt"/>
      <line num="250" count="0" type="stmt"/>
      <line num="253" count="0" type="stmt"/>
      <line num="254" count="0" type="cond" truecount="0" falsecount="3"/>
      <line num="257" count="0" type="cond" truecount="0" falsecount="2"/>
      <line num="258" count="0" type="stmt"/>
      <line num="259" count="0" type="stmt"/>
      <line num="263" count="0" type="stmt"/>
      <line num="264" count="0" type="stmt"/>
      <line num="265" count="0" type="stmt"/>
      <line num="268" count="0" type="cond" truecount="0" falsecount="2"/>
      <line num="269" count="0" type="stmt"/>
      <line num="271" count="0" type="stmt"/>
      <line num="274" count="0" type="stmt"/>
      <line num="275" count="0" type="stmt"/>
      <line num="284" count="1" type="stmt"/>
      <line num="301" count="0" type="stmt"/>
      <line num="303" count="0" type="stmt"/>
      <line num="311" count="0" type="stmt"/>
      <line num="313" count="0" type="stmt"/>
      <line num="314" count="0" type="stmt"/>
      <line num="316" count="0" type="cond" truecount="0" falsecount="2"/>
      <line num="317" count="0" type="stmt"/>
      <line num="318" count="0" type="stmt"/>
      <line num="322" count="0" type="stmt"/>
      <line num="323" count="0" type="stmt"/>
      <line num="325" count="0" type="cond" truecount="0" falsecount="3"/>
      <line num="326" count="0" type="cond" truecount="0" falsecount="3"/>
      <line num="328" count="0" type="cond" truecount="0" falsecount="4"/>
      <line num="329" count="0" type="stmt"/>
      <line num="330" count="0" type="stmt"/>
      <line num="334" count="0" type="stmt"/>
      <line num="337" count="0" type="cond" truecount="0" falsecount="3"/>
      <line num="338" count="0" type="cond" truecount="0" falsecount="2"/>
      <line num="339" count="0" type="cond" truecount="0" falsecount="3"/>
      <line num="340" count="0" type="cond" truecount="0" falsecount="3"/>
      <line num="341" count="0" type="cond" truecount="0" falsecount="3"/>
      <line num="344" count="0" type="cond" truecount="0" falsecount="3"/>
      <line num="347" count="0" type="stmt"/>
      <line num="358" count="0" type="stmt"/>
      <line num="360" count="0" type="stmt"/>
      <line num="365" count="0" type="stmt"/>
      <line num="372" count="0" type="stmt"/>
      <line num="373" count="0" type="stmt"/>
      <line num="375" count="0" type="stmt"/>
      <line num="377" count="0" type="stmt"/>
      <line num="378" count="0" type="stmt"/>
      <line num="379" count="0" type="stmt"/>
      <line num="394" count="0" type="stmt"/>
      <line num="396" count="0" type="stmt"/>
      <line num="404" count="0" type="stmt"/>
      <line num="405" count="0" type="stmt"/>
      <line num="406" count="0" type="stmt"/>
      <line num="408" count="0" type="cond" truecount="0" falsecount="2"/>
      <line num="409" count="0" type="stmt"/>
      <line num="410" count="0" type="stmt"/>
      <line num="413" count="0" type="stmt"/>
      <line num="414" count="0" type="stmt"/>
      <line num="416" count="0" type="cond" truecount="0" falsecount="3"/>
      <line num="417" count="0" type="cond" truecount="0" falsecount="3"/>
      <line num="419" count="0" type="cond" truecount="0" falsecount="4"/>
      <line num="420" count="0" type="stmt"/>
      <line num="421" count="0" type="stmt"/>
      <line num="425" count="0" type="stmt"/>
      <line num="428" count="0" type="cond" truecount="0" falsecount="2"/>
      <line num="429" count="0" type="stmt"/>
      <line num="433" count="0" type="cond" truecount="0" falsecount="3"/>
      <line num="434" count="0" type="cond" truecount="0" falsecount="3"/>
      <line num="435" count="0" type="cond" truecount="0" falsecount="3"/>
      <line num="436" count="0" type="cond" truecount="0" falsecount="3"/>
      <line num="439" count="0" type="stmt"/>
      <line num="450" count="0" type="stmt"/>
      <line num="454" count="0" type="stmt"/>
      <line num="456" count="0" type="stmt"/>
      <line num="461" count="0" type="stmt"/>
      <line num="468" count="0" type="stmt"/>
      <line num="469" count="0" type="stmt"/>
      <line num="471" count="0" type="stmt"/>
      <line num="473" count="0" type="stmt"/>
      <line num="474" count="0" type="stmt"/>
      <line num="475" count="0" type="stmt"/>
      <line num="488" count="0" type="stmt"/>
      <line num="490" count="0" type="stmt"/>
      <line num="498" count="0" type="stmt"/>
      <line num="499" count="0" type="stmt"/>
      <line num="500" count="0" type="stmt"/>
      <line num="502" count="0" type="cond" truecount="0" falsecount="2"/>
      <line num="503" count="0" type="stmt"/>
      <line num="504" count="0" type="stmt"/>
      <line num="507" count="0" type="stmt"/>
      <line num="508" count="0" type="stmt"/>
      <line num="510" count="0" type="cond" truecount="0" falsecount="3"/>
      <line num="511" count="0" type="cond" truecount="0" falsecount="3"/>
      <line num="513" count="0" type="cond" truecount="0" falsecount="4"/>
      <line num="514" count="0" type="stmt"/>
      <line num="515" count="0" type="stmt"/>
      <line num="519" count="0" type="stmt"/>
      <line num="521" count="0" type="cond" truecount="0" falsecount="2"/>
      <line num="522" count="0" type="stmt"/>
      <line num="526" count="0" type="cond" truecount="0" falsecount="3"/>
      <line num="527" count="0" type="cond" truecount="0" falsecount="2"/>
      <line num="528" count="0" type="cond" truecount="0" falsecount="3"/>
      <line num="529" count="0" type="cond" truecount="0" falsecount="2"/>
      <line num="532" count="0" type="stmt"/>
      <line num="542" count="0" type="stmt"/>
      <line num="544" count="0" type="stmt"/>
      <line num="549" count="0" type="stmt"/>
      <line num="556" count="0" type="stmt"/>
      <line num="557" count="0" type="stmt"/>
      <line num="559" count="0" type="stmt"/>
      <line num="561" count="0" type="stmt"/>
      <line num="562" count="0" type="stmt"/>
      <line num="563" count="0" type="stmt"/>
      <line num="577" count="0" type="stmt"/>
      <line num="579" count="0" type="stmt"/>
      <line num="581" count="0" type="stmt"/>
      <line num="582" count="0" type="stmt"/>
      <line num="583" count="0" type="stmt"/>
      <line num="585" count="0" type="stmt"/>
      <line num="586" count="0" type="stmt"/>
      <line num="590" count="1" type="stmt"/>
    </file>
    <file name="db.js" path="C:\Users\celin\Downloads\cs48000_assignments\src\db.js">
      <metrics statements="27" coveredstatements="14" conditionals="1" coveredconditionals="1" methods="4" coveredmethods="2"/>
      <line num="16" count="1" type="stmt"/>
      <line num="17" count="1" type="stmt"/>
      <line num="21" count="1" type="stmt"/>
      <line num="33" count="1" type="stmt"/>
      <line num="34" count="0" type="stmt"/>
      <line num="55" count="1" type="cond" truecount="1" falsecount="0"/>
      <line num="56" count="32" type="stmt"/>
      <line num="57" count="32" type="stmt"/>
      <line num="58" count="32" type="stmt"/>
      <line num="60" count="0" type="stmt"/>
      <line num="61" count="0" type="stmt"/>
      <line num="88" count="1" type="stmt"/>
      <line num="89" count="0" type="stmt"/>
      <line num="90" count="0" type="stmt"/>
      <line num="91" count="0" type="stmt"/>
      <line num="92" count="0" type="stmt"/>
      <line num="93" count="0" type="stmt"/>
      <line num="94" count="0" type="stmt"/>
      <line num="96" count="0" type="stmt"/>
      <line num="97" count="0" type="stmt"/>
      <line num="100" count="0" type="stmt"/>
      <line num="115" count="1" type="stmt"/>
      <line num="116" count="1" type="stmt"/>
      <line num="117" count="1" type="stmt"/>
      <line num="118" count="1" type="stmt"/>
      <line num="120" count="0" type="stmt"/>
      <line num="124" count="1" type="stmt"/>
    </file>
    <file name="models.js" path="C:\Users\celin\Downloads\cs48000_assignments\src\models.js">
      <metrics statements="95" coveredstatements="49" conditionals="17" coveredconditionals="4" methods="26" coveredmethods="11"/>
      <line num="17" count="1" type="stmt"/>
      <line num="23" count="1" type="stmt"/>
      <line num="35" count="11" type="stmt"/>
      <line num="42" count="11" type="stmt"/>
      <line num="43" count="11" type="stmt"/>
      <line num="57" count="1" type="stmt"/>
      <line num="61" count="1" type="stmt"/>
      <line num="62" count="1" type="cond" truecount="1" falsecount="1"/>
      <line num="75" count="0" type="stmt"/>
      <line num="81" count="0" type="stmt"/>
      <line num="82" count="0" type="stmt"/>
      <line num="96" count="1" type="stmt"/>
      <line num="102" count="1" type="stmt"/>
      <line num="103" count="1" type="stmt"/>
      <line num="104" count="1" type="stmt"/>
      <line num="106" count="1" type="stmt"/>
      <line num="107" count="1" type="cond" truecount="1" falsecount="1"/>
      <line num="108" count="1" type="stmt"/>
      <line num="109" count="1" type="stmt"/>
      <line num="110" count="1" type="stmt"/>
      <line num="114" count="1" type="cond" truecount="1" falsecount="1"/>
      <line num="115" count="0" type="stmt"/>
      <line num="118" count="1" type="stmt"/>
      <line num="119" count="1" type="stmt"/>
      <line num="126" count="1" type="stmt"/>
      <line num="127" count="1" type="stmt"/>
      <line num="140" count="0" type="stmt"/>
      <line num="141" count="0" type="stmt"/>
      <line num="142" count="0" type="cond" truecount="0" falsecount="2"/>
      <line num="157" count="0" type="stmt"/>
      <line num="162" count="0" type="stmt"/>
      <line num="163" count="0" type="stmt"/>
      <line num="171" count="1" type="stmt"/>
      <line num="198" count="4" type="stmt"/>
      <line num="204" count="4" type="stmt"/>
      <line num="214" count="4" type="stmt"/>
      <line num="227" count="0" type="stmt"/>
      <line num="232" count="0" type="stmt"/>
      <line num="233" count="0" type="stmt"/>
      <line num="249" count="0" type="stmt"/>
      <line num="256" count="0" type="stmt"/>
      <line num="257" count="0" type="stmt"/>
      <line num="265" count="1" type="stmt"/>
      <line num="290" count="3" type="stmt"/>
      <line num="296" count="3" type="stmt"/>
      <line num="305" count="3" type="stmt"/>
      <line num="318" count="0" type="stmt"/>
      <line num="323" count="0" type="stmt"/>
      <line num="324" count="0" type="stmt"/>
      <line num="345" count="0" type="stmt"/>
      <line num="357" count="0" type="stmt"/>
      <line num="358" count="0" type="stmt"/>
      <line num="371" count="0" type="stmt"/>
      <line num="376" count="0" type="stmt"/>
      <line num="377" count="0" type="stmt"/>
      <line num="385" count="1" type="stmt"/>
      <line num="410" count="2" type="stmt"/>
      <line num="416" count="2" type="stmt"/>
      <line num="425" count="2" type="stmt"/>
      <line num="439" count="0" type="stmt"/>
      <line num="443" count="0" type="stmt"/>
      <line num="444" count="0" type="cond" truecount="0" falsecount="2"/>
      <line num="458" count="0" type="stmt"/>
      <line num="473" count="0" type="stmt"/>
      <line num="474" count="0" type="cond" truecount="0" falsecount="2"/>
      <line num="487" count="0" type="stmt"/>
      <line num="493" count="0" type="stmt"/>
      <line num="494" count="0" type="stmt"/>
      <line num="502" count="1" type="stmt"/>
      <line num="516" count="1" type="stmt"/>
      <line num="527" count="1" type="stmt"/>
      <line num="528" count="1" type="stmt"/>
      <line num="541" count="1" type="stmt"/>
      <line num="545" count="1" type="stmt"/>
      <line num="546" count="1" type="stmt"/>
      <line num="559" count="0" type="stmt"/>
      <line num="563" count="0" type="stmt"/>
      <line num="564" count="0" type="cond" truecount="0" falsecount="2"/>
      <line num="572" count="1" type="stmt"/>
      <line num="586" count="4" type="stmt"/>
      <line num="592" count="4" type="stmt"/>
      <line num="593" count="4" type="stmt"/>
      <line num="608" count="1" type="stmt"/>
      <line num="613" count="1" type="stmt"/>
      <line num="614" count="1" type="cond" truecount="1" falsecount="1"/>
      <line num="627" count="0" type="stmt"/>
      <line num="633" count="0" type="stmt"/>
      <line num="634" count="0" type="stmt"/>
      <line num="647" count="0" type="stmt"/>
      <line num="652" count="0" type="stmt"/>
      <line num="653" count="0" type="stmt"/>
      <line num="666" count="0" type="stmt"/>
      <line num="672" count="0" type="stmt"/>
      <line num="673" count="0" type="stmt"/>
      <line num="677" count="1" type="stmt"/>
    </file>
    <file name="reporting.js" path="C:\Users\celin\Downloads\cs48000_assignments\src\reporting.js">
      <metrics statements="59" coveredstatements="23" conditionals="23" coveredconditionals="5" methods="5" coveredmethods="3"/>
      <line num="14" count="1" type="stmt"/>
      <line num="19" count="1" type="stmt"/>
      <line num="42" count="1" type="stmt"/>
      <line num="44" count="1" type="stmt"/>
      <line num="65" count="1" type="stmt"/>
      <line num="66" count="1" type="stmt"/>
      <line num="68" count="0" type="stmt"/>
      <line num="69" count="0" type="stmt"/>
      <line num="97" count="1" type="stmt"/>
      <line num="99" count="1" type="stmt"/>
      <line num="117" count="1" type="stmt"/>
      <line num="118" count="1" type="stmt"/>
      <line num="120" count="0" type="stmt"/>
      <line num="121" count="0" type="stmt"/>
      <line num="146" count="1" type="stmt"/>
      <line num="148" count="1" type="stmt"/>
      <line num="175" count="1" type="stmt"/>
      <line num="177" count="1" type="cond" truecount="1" falsecount="1"/>
      <line num="178" count="0" type="stmt"/>
      <line num="182" count="1" type="stmt"/>
      <line num="185" count="1" type="stmt"/>
      <line num="187" count="1" type="cond" truecount="1" falsecount="1"/>
      <line num="188" count="0" type="stmt"/>
      <line num="189" count="1" type="cond" truecount="1" falsecount="1"/>
      <line num="190" count="0" type="stmt"/>
      <line num="191" count="1" type="cond" truecount="1" falsecount="1"/>
      <line num="192" count="0" type="stmt"/>
      <line num="193" count="1" type="cond" truecount="1" falsecount="1"/>
      <line num="194" count="1" type="stmt"/>
      <line num="195" count="0" type="cond" truecount="0" falsecount="2"/>
      <line num="196" count="0" type="stmt"/>
      <line num="199" count="1" type="stmt"/>
      <line num="220" count="0" type="stmt"/>
      <line num="221" count="0" type="stmt"/>
      <line num="242" count="0" type="stmt"/>
      <line num="243" count="0" type="cond" truecount="0" falsecount="1"/>
      <line num="245" count="0" type="stmt"/>
      <line num="264" count="0" type="stmt"/>
      <line num="265" count="0" type="stmt"/>
      <line num="267" count="0" type="cond" truecount="0" falsecount="4"/>
      <line num="268" count="0" type="stmt"/>
      <line num="269" count="0" type="stmt"/>
      <line num="272" count="0" type="cond" truecount="0" falsecount="2"/>
      <line num="273" count="0" type="stmt"/>
      <line num="274" count="0" type="stmt"/>
      <line num="277" count="0" type="cond" truecount="0" falsecount="2"/>
      <line num="278" count="0" type="stmt"/>
      <line num="281" count="0" type="stmt"/>
      <line num="283" count="0" type="stmt"/>
      <line num="284" count="0" type="stmt"/>
      <line num="286" count="0" type="stmt"/>
      <line num="287" count="0" type="stmt"/>
      <line num="302" count="0" type="stmt"/>
      <line num="303" count="0" type="stmt"/>
      <line num="315" count="0" type="stmt"/>
      <line num="316" count="0" type="stmt"/>
      <line num="318" count="0" type="stmt"/>
      <line num="319" count="0" type="stmt"/>
      <line num="324" count="1" type="stmt"/>
    </file>
    <file name="routes.js" path="C:\Users\celin\Downloads\cs48000_assignments\src\routes.js">
      <metrics statements="76" coveredstatements="19" conditionals="21" coveredconditionals="0" methods="11" coveredmethods="1"/>
      <line num="14" count="1" type="stmt"/>
      <line num="15" count="1" type="stmt"/>
      <line num="16" count="1" type="stmt"/>
      <line num="17" count="1" type="stmt"/>
      <line num="18" count="1" type="stmt"/>
      <line num="20" count="1" type="stmt"/>
      <line num="29" count="1" type="stmt"/>
      <line num="30" count="1" type="stmt"/>
      <line num="58" count="1" type="stmt"/>
      <line num="59" count="0" type="stmt"/>
      <line num="60" count="0" type="stmt"/>
      <line num="63" count="0" type="stmt"/>
      <line num="66" count="0" type="stmt"/>
      <line num="68" count="0" type="stmt"/>
      <line num="75" count="0" type="stmt"/>
      <line num="85" count="1" type="stmt"/>
      <line num="86" count="0" type="stmt"/>
      <line num="87" count="0" type="stmt"/>
      <line num="89" count="0" type="stmt"/>
      <line num="94" count="0" type="stmt"/>
      <line num="121" count="1" type="stmt"/>
      <line num="122" count="0" type="stmt"/>
      <line num="123" count="0" type="cond" truecount="0" falsecount="1"/>
      <line num="125" count="0" type="cond" truecount="0" falsecount="4"/>
      <line num="126" count="0" type="stmt"/>
      <line num="131" count="0" type="stmt"/>
      <line num="137" count="0" type="stmt"/>
      <line num="145" count="0" type="stmt"/>
      <line num="166" count="1" type="stmt"/>
      <line num="167" count="0" type="stmt"/>
      <line num="168" count="0" type="stmt"/>
      <line num="170" count="0" type="cond" truecount="0" falsecount="4"/>
      <line num="171" count="0" type="stmt"/>
      <line num="176" count="0" type="stmt"/>
      <line num="178" count="0" type="stmt"/>
      <line num="186" count="0" type="stmt"/>
      <line num="203" count="1" type="stmt"/>
      <line num="204" count="0" type="stmt"/>
      <line num="205" count="0" type="stmt"/>
      <line num="212" count="0" type="stmt"/>
      <line num="214" count="0" type="stmt"/>
      <line num="222" count="0" type="stmt"/>
      <line num="252" count="1" type="stmt"/>
      <line num="253" count="0" type="stmt"/>
      <line num="254" count="0" type="stmt"/>
      <line num="256" count="0" type="cond" truecount="0" falsecount="4"/>
      <line num="257" count="0" type="stmt"/>
      <line num="262" count="0" type="stmt"/>
      <line num="264" count="0" type="cond" truecount="0" falsecount="2"/>
      <line num="265" count="0" type="stmt"/>
      <line num="271" count="0" type="stmt"/>
      <line num="277" count="0" type="stmt"/>
      <line num="298" count="1" type="stmt"/>
      <line num="299" count="0" type="stmt"/>
      <line num="300" count="0" type="stmt"/>
      <line num="301" count="0" type="stmt"/>
      <line num="303" count="0" type="stmt"/>
      <line num="311" count="0" type="stmt"/>
      <line num="323" count="1" type="stmt"/>
      <line num="324" count="0" type="stmt"/>
      <line num="325" count="0" type="stmt"/>
      <line num="327" count="0" type="stmt"/>
      <line num="333" count="0" type="stmt"/>
      <line num="344" count="1" type="stmt"/>
      <line num="345" count="0" type="stmt"/>
      <line num="346" count="0" type="stmt"/>
      <line num="348" count="0" type="stmt"/>
      <line num="349" count="0" type="stmt"/>
      <line num="351" count="0" type="stmt"/>
      <line num="358" count="0" type="stmt"/>
      <line num="366" count="1" type="stmt"/>
      <line num="367" count="0" type="stmt"/>
      <line num="369" count="0" type="cond" truecount="0" falsecount="2"/>
      <line num="370" count="0" type="cond" truecount="0" falsecount="2"/>
      <line num="372" count="0" type="stmt"/>
      <line num="379" count="1" type="stmt"/>
    </file>
    <file name="validation.js" path="C:\Users\celin\Downloads\cs48000_assignments\src\validation.js">
      <metrics statements="78" coveredstatements="15" conditionals="9" coveredconditionals="1" methods="7" coveredmethods="2"/>
      <line num="17" count="1" type="stmt"/>
      <line num="23" count="1" type="stmt"/>
      <line num="37" count="0" type="stmt"/>
      <line num="39" count="0" type="stmt"/>
      <line num="46" count="0" type="stmt"/>
      <line num="48" count="0" type="stmt"/>
      <line num="50" count="0" type="stmt"/>
      <line num="51" count="0" type="stmt"/>
      <line num="53" count="0" type="stmt"/>
      <line num="58" count="0" type="cond" truecount="0" falsecount="2"/>
      <line num="60" count="0" type="stmt"/>
      <line num="66" count="0" type="stmt"/>
      <line num="68" count="0" type="stmt"/>
      <line num="72" count="0" type="stmt"/>
      <line num="76" count="0" type="stmt"/>
      <line num="80" count="0" type="stmt"/>
      <line num="81" count="0" type="stmt"/>
      <line num="83" count="0" type="stmt"/>
      <line num="84" count="0" type="stmt"/>
      <line num="101" count="0" type="stmt"/>
      <line num="103" count="0" type="stmt"/>
      <line num="110" count="0" type="stmt"/>
      <line num="112" count="0" type="stmt"/>
      <line num="114" count="0" type="stmt"/>
      <line num="115" count="0" type="stmt"/>
      <line num="117" count="0" type="stmt"/>
      <line num="122" count="0" type="cond" truecount="0" falsecount="2"/>
      <line num="124" count="0" type="stmt"/>
      <line num="130" count="0" type="stmt"/>
      <line num="132" count="0" type="stmt"/>
      <line num="136" count="0" type="stmt"/>
      <line num="140" count="0" type="stmt"/>
      <line num="144" count="0" type="stmt"/>
      <line num="145" count="0" type="stmt"/>
      <line num="147" count="0" type="stmt"/>
      <line num="148" count="0" type="stmt"/>
      <line num="170" count="0" type="stmt"/>
      <line num="172" count="0" type="stmt"/>
      <line num="179" count="0" type="stmt"/>
      <line num="181" count="0" type="stmt"/>
      <line num="193" count="0" type="stmt"/>
      <line num="194" count="0" type="stmt"/>
      <line num="196" count="0" type="stmt"/>
      <line num="197" count="0" type="stmt"/>
      <line num="199" count="0" type="stmt"/>
      <line num="204" count="0" type="cond" truecount="0" falsecount="2"/>
      <line num="206" count="0" type="stmt"/>
      <line num="212" count="0" type="stmt"/>
      <line num="214" count="0" type="stmt"/>
      <line num="218" count="0" type="stmt"/>
      <line num="222" count="0" type="stmt"/>
      <line num="226" count="0" type="stmt"/>
      <line num="227" count="0" type="stmt"/>
      <line num="229" count="0" type="stmt"/>
      <line num="230" count="0" type="stmt"/>
      <line num="244" count="0" type="stmt"/>
      <line num="246" count="0" type="stmt"/>
      <line num="248" count="0" type="stmt"/>
      <line num="249" count="0" type="stmt"/>
      <line num="250" count="0" type="stmt"/>
      <line num="253" count="0" type="stmt"/>
      <line num="254" count="0" type="stmt"/>
      <line num="256" count="0" type="stmt"/>
      <line num="273" count="1" type="stmt"/>
      <line num="275" count="1" type="stmt"/>
      <line num="276" count="1" type="stmt"/>
      <line num="277" count="1" type="stmt"/>
      <line num="278" count="1" type="stmt"/>
      <line num="280" count="1" type="stmt"/>
      <line num="281" count="1" type="stmt"/>
      <line num="282" count="1" type="stmt"/>
      <line num="283" count="1" type="stmt"/>
      <line num="285" count="1" type="stmt"/>
      <line num="295" count="1" type="stmt"/>
      <line num="296" count="1" type="stmt"/>
      <line num="298" count="0" type="stmt"/>
      <line num="299" count="0" type="stmt"/>
      <line num="304" count="1" type="stmt"/>
    </file>
  </project>
</coverage>
