{"C:\\Users\\celin\\Downloads\\cs48000_assignments\\src\\app.js": {"path":"C:\\Users\\celin\\Downloads\\cs48000_assignments\\src\\app.js","statementMap":{"0":{"start":{"line":8,"column":16},"end":{"line":8,"column":34}},"1":{"start":{"line":9,"column":15},"end":{"line":9,"column":32}},"2":{"start":{"line":10,"column":13},"end":{"line":10,"column":28}},"3":{"start":{"line":11,"column":0},"end":{"line":11,"column":32}},"4":{"start":{"line":13,"column":15},"end":{"line":13,"column":34}},"5":{"start":{"line":23,"column":18},"end":{"line":249,"column":1}},"6":{"start":{"line":24,"column":14},"end":{"line":24,"column":23}},"7":{"start":{"line":33,"column":2},"end":{"line":33,"column":20}},"8":{"start":{"line":34,"column":2},"end":{"line":34,"column":18}},"9":{"start":{"line":41,"column":2},"end":{"line":41,"column":43}},"10":{"start":{"line":42,"column":2},"end":{"line":42,"column":65}},"11":{"start":{"line":50,"column":2},"end":{"line":57,"column":5}},"12":{"start":{"line":51,"column":22},"end":{"line":51,"column":46}},"13":{"start":{"line":52,"column":4},"end":{"line":55,"column":7}},"14":{"start":{"line":56,"column":4},"end":{"line":56,"column":11}},"15":{"start":{"line":70,"column":2},"end":{"line":70,"column":18}},"16":{"start":{"line":76,"column":2},"end":{"line":109,"column":5}},"17":{"start":{"line":77,"column":4},"end":{"line":108,"column":7}},"18":{"start":{"line":114,"column":2},"end":{"line":201,"column":5}},"19":{"start":{"line":115,"column":4},"end":{"line":200,"column":7}},"20":{"start":{"line":209,"column":2},"end":{"line":216,"column":5}},"21":{"start":{"line":210,"column":4},"end":{"line":215,"column":7}},"22":{"start":{"line":229,"column":2},"end":{"line":246,"column":5}},"23":{"start":{"line":230,"column":4},"end":{"line":235,"column":7}},"24":{"start":{"line":237,"column":19},"end":{"line":237,"column":54}},"25":{"start":{"line":238,"column":20},"end":{"line":238,"column":58}},"26":{"start":{"line":240,"column":4},"end":{"line":245,"column":7}},"27":{"start":{"line":248,"column":2},"end":{"line":248,"column":13}},"28":{"start":{"line":251,"column":0},"end":{"line":251,"column":27}}},"fnMap":{"0":{"name":"(anonymous_0)","decl":{"start":{"line":23,"column":18},"end":{"line":23,"column":19}},"loc":{"start":{"line":23,"column":24},"end":{"line":249,"column":1}},"line":23},"1":{"name":"(anonymous_1)","decl":{"start":{"line":50,"column":10},"end":{"line":50,"column":11}},"loc":{"start":{"line":50,"column":30},"end":{"line":57,"column":3}},"line":50},"2":{"name":"(anonymous_2)","decl":{"start":{"line":76,"column":15},"end":{"line":76,"column":16}},"loc":{"start":{"line":76,"column":29},"end":{"line":109,"column":3}},"line":76},"3":{"name":"(anonymous_3)","decl":{"start":{"line":114,"column":23},"end":{"line":114,"column":24}},"loc":{"start":{"line":114,"column":37},"end":{"line":201,"column":3}},"line":114},"4":{"name":"(anonymous_4)","decl":{"start":{"line":209,"column":10},"end":{"line":209,"column":11}},"loc":{"start":{"line":209,"column":24},"end":{"line":216,"column":3}},"line":209},"5":{"name":"(anonymous_5)","decl":{"start":{"line":229,"column":10},"end":{"line":229,"column":11}},"loc":{"start":{"line":229,"column":35},"end":{"line":246,"column":3}},"line":229}},"branchMap":{"0":{"loc":{"start":{"line":237,"column":19},"end":{"line":237,"column":54}},"type":"binary-expr","locations":[{"start":{"line":237,"column":19},"end":{"line":237,"column":29}},{"start":{"line":237,"column":33},"end":{"line":237,"column":47}},{"start":{"line":237,"column":51},"end":{"line":237,"column":54}}],"line":237},"1":{"loc":{"start":{"line":238,"column":20},"end":{"line":238,"column":58}},"type":"binary-expr","locations":[{"start":{"line":238,"column":20},"end":{"line":238,"column":31}},{"start":{"line":238,"column":35},"end":{"line":238,"column":58}}],"line":238},"2":{"loc":{"start":{"line":244,"column":10},"end":{"line":244,"column":72}},"type":"binary-expr","locations":[{"start":{"line":244,"column":10},"end":{"line":244,"column":48}},{"start":{"line":244,"column":52},"end":{"line":244,"column":72}}],"line":244}},"s":{"0":1,"1":1,"2":1,"3":1,"4":1,"5":1,"6":1,"7":1,"8":1,"9":1,"10":1,"11":1,"12":4,"13":4,"14":4,"15":1,"16":1,"17":1,"18":1,"19":1,"20":1,"21":1,"22":1,"23":0,"24":0,"25":0,"26":0,"27":1,"28":1},"f":{"0":1,"1":4,"2":1,"3":1,"4":1,"5":0},"b":{"0":[0,0,0],"1":[0,0],"2":[0,0]},"_coverageSchema":"1a1c01bbd47fc00a2c39e90264f33305004495a9","hash":"d700791b47de659acb4a3243d3786e164393fa06"}
,"C:\\Users\\celin\\Downloads\\cs48000_assignments\\src\\config.js": {"path":"C:\\Users\\celin\\Downloads\\cs48000_assignments\\src\\config.js","statementMap":{"0":{"start":{"line":12,"column":0},"end":{"line":12,"column":27}},"1":{"start":{"line":18,"column":17},"end":{"line":24,"column":1}},"2":{"start":{"line":30,"column":15},"end":{"line":35,"column":1}},"3":{"start":{"line":41,"column":20},"end":{"line":45,"column":1}},"4":{"start":{"line":52,"column":20},"end":{"line":54,"column":1}},"5":{"start":{"line":60,"column":12},"end":{"line":62,"column":1}},"6":{"start":{"line":68,"column":23},"end":{"line":85,"column":1}},"7":{"start":{"line":69,"column":23},"end":{"line":75,"column":3}},"8":{"start":{"line":77,"column":18},"end":{"line":77,"column":71}},"9":{"start":{"line":77,"column":49},"end":{"line":77,"column":70}},"10":{"start":{"line":79,"column":2},"end":{"line":84,"column":3}},"11":{"start":{"line":80,"column":4},"end":{"line":83,"column":6}},"12":{"start":{"line":88,"column":0},"end":{"line":95,"column":1}},"13":{"start":{"line":89,"column":2},"end":{"line":94,"column":3}},"14":{"start":{"line":90,"column":4},"end":{"line":90,"column":21}},"15":{"start":{"line":92,"column":4},"end":{"line":92,"column":69}},"16":{"start":{"line":93,"column":4},"end":{"line":93,"column":20}},"17":{"start":{"line":97,"column":0},"end":{"line":103,"column":2}}},"fnMap":{"0":{"name":"(anonymous_0)","decl":{"start":{"line":68,"column":23},"end":{"line":68,"column":24}},"loc":{"start":{"line":68,"column":29},"end":{"line":85,"column":1}},"line":68},"1":{"name":"(anonymous_1)","decl":{"start":{"line":77,"column":38},"end":{"line":77,"column":39}},"loc":{"start":{"line":77,"column":49},"end":{"line":77,"column":70}},"line":77}},"branchMap":{"0":{"loc":{"start":{"line":19,"column":8},"end":{"line":19,"column":42}},"type":"binary-expr","locations":[{"start":{"line":19,"column":8},"end":{"line":19,"column":27}},{"start":{"line":19,"column":31},"end":{"line":19,"column":42}}],"line":19},"1":{"loc":{"start":{"line":20,"column":17},"end":{"line":20,"column":46}},"type":"binary-expr","locations":[{"start":{"line":20,"column":17},"end":{"line":20,"column":36}},{"start":{"line":20,"column":40},"end":{"line":20,"column":46}}],"line":20},"2":{"loc":{"start":{"line":21,"column":12},"end":{"line":21,"column":50}},"type":"binary-expr","locations":[{"start":{"line":21,"column":12},"end":{"line":21,"column":31}},{"start":{"line":21,"column":35},"end":{"line":21,"column":50}}],"line":21},"3":{"loc":{"start":{"line":22,"column":8},"end":{"line":22,"column":41}},"type":"binary-expr","locations":[{"start":{"line":22,"column":8},"end":{"line":22,"column":27}},{"start":{"line":22,"column":31},"end":{"line":22,"column":41}}],"line":22},"4":{"loc":{"start":{"line":23,"column":12},"end":{"line":23,"column":49}},"type":"binary-expr","locations":[{"start":{"line":23,"column":12},"end":{"line":23,"column":35}},{"start":{"line":23,"column":39},"end":{"line":23,"column":49}}],"line":23},"5":{"loc":{"start":{"line":31,"column":17},"end":{"line":31,"column":43}},"type":"binary-expr","locations":[{"start":{"line":31,"column":17},"end":{"line":31,"column":33}},{"start":{"line":31,"column":37},"end":{"line":31,"column":43}}],"line":31},"6":{"loc":{"start":{"line":32,"column":11},"end":{"line":32,"column":48}},"type":"binary-expr","locations":[{"start":{"line":32,"column":11},"end":{"line":32,"column":31}},{"start":{"line":32,"column":35},"end":{"line":32,"column":48}}],"line":32},"7":{"loc":{"start":{"line":33,"column":18},"end":{"line":33,"column":55}},"type":"binary-expr","locations":[{"start":{"line":33,"column":18},"end":{"line":33,"column":38}},{"start":{"line":33,"column":42},"end":{"line":33,"column":55}}],"line":33},"8":{"loc":{"start":{"line":34,"column":17},"end":{"line":34,"column":54}},"type":"binary-expr","locations":[{"start":{"line":34,"column":17},"end":{"line":34,"column":37}},{"start":{"line":34,"column":41},"end":{"line":34,"column":54}}],"line":34},"9":{"loc":{"start":{"line":42,"column":22},"end":{"line":42,"column":90}},"type":"binary-expr","locations":[{"start":{"line":42,"column":22},"end":{"line":42,"column":54}},{"start":{"line":42,"column":58},"end":{"line":42,"column":90}}],"line":42},"10":{"loc":{"start":{"line":43,"column":19},"end":{"line":43,"column":81}},"type":"binary-expr","locations":[{"start":{"line":43,"column":19},"end":{"line":43,"column":48}},{"start":{"line":43,"column":52},"end":{"line":43,"column":81}}],"line":43},"11":{"loc":{"start":{"line":44,"column":20},"end":{"line":44,"column":84}},"type":"binary-expr","locations":[{"start":{"line":44,"column":20},"end":{"line":44,"column":50}},{"start":{"line":44,"column":54},"end":{"line":44,"column":84}}],"line":44},"12":{"loc":{"start":{"line":53,"column":23},"end":{"line":53,"column":70}},"type":"binary-expr","locations":[{"start":{"line":53,"column":23},"end":{"line":53,"column":56}},{"start":{"line":53,"column":60},"end":{"line":53,"column":70}}],"line":53},"13":{"loc":{"start":{"line":61,"column":22},"end":{"line":61,"column":56}},"type":"binary-expr","locations":[{"start":{"line":61,"column":22},"end":{"line":61,"column":45}},{"start":{"line":61,"column":49},"end":{"line":61,"column":56}}],"line":61},"14":{"loc":{"start":{"line":79,"column":2},"end":{"line":84,"column":3}},"type":"if","locations":[{"start":{"line":79,"column":2},"end":{"line":84,"column":3}},{"start":{},"end":{}}],"line":79},"15":{"loc":{"start":{"line":88,"column":0},"end":{"line":95,"column":1}},"type":"if","locations":[{"start":{"line":88,"column":0},"end":{"line":95,"column":1}},{"start":{},"end":{}}],"line":88}},"s":{"0":1,"1":1,"2":1,"3":1,"4":1,"5":1,"6":1,"7":0,"8":0,"9":0,"10":0,"11":0,"12":1,"13":0,"14":0,"15":0,"16":0,"17":1},"f":{"0":0,"1":0},"b":{"0":[1,0],"1":[1,0],"2":[1,0],"3":[1,0],"4":[1,0],"5":[1,0],"6":[1,0],"7":[1,0],"8":[1,0],"9":[1,0],"10":[1,0],"11":[1,0],"12":[1,0],"13":[1,0],"14":[0,0],"15":[0,1]},"_coverageSchema":"1a1c01bbd47fc00a2c39e90264f33305004495a9","hash":"abc1992f2912c42aec20f109da7ecdcbae431c75"}
,"C:\\Users\\celin\\Downloads\\cs48000_assignments\\src\\dataIngestion.js": {"path":"C:\\Users\\celin\\Downloads\\cs48000_assignments\\src\\dataIngestion.js","statementMap":{"0":{"start":{"line":18,"column":11},"end":{"line":18,"column":24}},"1":{"start":{"line":19,"column":13},"end":{"line":19,"column":28}},"2":{"start":{"line":20,"column":18},"end":{"line":20,"column":43}},"3":{"start":{"line":21,"column":13},"end":{"line":21,"column":28}},"4":{"start":{"line":22,"column":11},"end":{"line":22,"column":26}},"5":{"start":{"line":23,"column":15},"end":{"line":23,"column":34}},"6":{"start":{"line":24,"column":15},"end":{"line":24,"column":34}},"7":{"start":{"line":34,"column":20},"end":{"line":170,"column":1}},"8":{"start":{"line":42,"column":4},"end":{"line":42,"column":60}},"9":{"start":{"line":55,"column":4},"end":{"line":55,"column":48}},"10":{"start":{"line":55,"column":35},"end":{"line":55,"column":48}},"11":{"start":{"line":57,"column":4},"end":{"line":57,"column":55}},"12":{"start":{"line":75,"column":4},"end":{"line":75,"column":32}},"13":{"start":{"line":75,"column":20},"end":{"line":75,"column":32}},"14":{"start":{"line":78,"column":4},"end":{"line":80,"column":5}},"15":{"start":{"line":79,"column":6},"end":{"line":79,"column":51}},"16":{"start":{"line":82,"column":4},"end":{"line":84,"column":5}},"17":{"start":{"line":83,"column":6},"end":{"line":83,"column":18}},"18":{"start":{"line":86,"column":20},"end":{"line":86,"column":36}},"19":{"start":{"line":89,"column":4},"end":{"line":91,"column":5}},"20":{"start":{"line":90,"column":6},"end":{"line":90,"column":21}},"21":{"start":{"line":94,"column":4},"end":{"line":97,"column":5}},"22":{"start":{"line":95,"column":33},"end":{"line":95,"column":51}},"23":{"start":{"line":96,"column":6},"end":{"line":96,"column":89}},"24":{"start":{"line":100,"column":4},"end":{"line":107,"column":5}},"25":{"start":{"line":101,"column":20},"end":{"line":101,"column":38}},"26":{"start":{"line":103,"column":19},"end":{"line":103,"column":36}},"27":{"start":{"line":104,"column":6},"end":{"line":106,"column":7}},"28":{"start":{"line":105,"column":8},"end":{"line":105,"column":48}},"29":{"start":{"line":109,"column":4},"end":{"line":109,"column":16}},"30":{"start":{"line":122,"column":20},"end":{"line":122,"column":51}},"31":{"start":{"line":124,"column":4},"end":{"line":124,"column":45}},"32":{"start":{"line":139,"column":4},"end":{"line":139,"column":49}},"33":{"start":{"line":139,"column":36},"end":{"line":139,"column":49}},"34":{"start":{"line":140,"column":4},"end":{"line":140,"column":55}},"35":{"start":{"line":140,"column":35},"end":{"line":140,"column":55}},"36":{"start":{"line":142,"column":23},"end":{"line":142,"column":49}},"37":{"start":{"line":144,"column":4},"end":{"line":146,"column":5}},"38":{"start":{"line":145,"column":6},"end":{"line":145,"column":18}},"39":{"start":{"line":147,"column":4},"end":{"line":149,"column":5}},"40":{"start":{"line":148,"column":6},"end":{"line":148,"column":19}},"41":{"start":{"line":151,"column":4},"end":{"line":151,"column":24}},"42":{"start":{"line":165,"column":4},"end":{"line":165,"column":60}},"43":{"start":{"line":165,"column":35},"end":{"line":165,"column":60}},"44":{"start":{"line":167,"column":19},"end":{"line":167,"column":38}},"45":{"start":{"line":168,"column":4},"end":{"line":168,"column":56}},"46":{"start":{"line":176,"column":19},"end":{"line":278,"column":1}},"47":{"start":{"line":191,"column":4},"end":{"line":202,"column":5}},"48":{"start":{"line":192,"column":26},"end":{"line":192,"column":60}},"49":{"start":{"line":195,"column":22},"end":{"line":198,"column":8}},"50":{"start":{"line":199,"column":6},"end":{"line":199,"column":21}},"51":{"start":{"line":201,"column":6},"end":{"line":201,"column":79}},"52":{"start":{"line":219,"column":4},"end":{"line":228,"column":5}},"53":{"start":{"line":220,"column":23},"end":{"line":220,"column":46}},"54":{"start":{"line":221,"column":24},"end":{"line":221,"column":46}},"55":{"start":{"line":224,"column":22},"end":{"line":224,"column":74}},"56":{"start":{"line":225,"column":6},"end":{"line":225,"column":21}},"57":{"start":{"line":227,"column":6},"end":{"line":227,"column":80}},"58":{"start":{"line":242,"column":4},"end":{"line":276,"column":5}},"59":{"start":{"line":244,"column":6},"end":{"line":247,"column":7}},"60":{"start":{"line":245,"column":8},"end":{"line":245,"column":62}},"61":{"start":{"line":246,"column":8},"end":{"line":246,"column":18}},"62":{"start":{"line":250,"column":20},"end":{"line":250,"column":49}},"63":{"start":{"line":253,"column":24},"end":{"line":255,"column":7}},"64":{"start":{"line":254,"column":8},"end":{"line":254,"column":71}},"65":{"start":{"line":257,"column":6},"end":{"line":260,"column":7}},"66":{"start":{"line":258,"column":8},"end":{"line":258,"column":72}},"67":{"start":{"line":259,"column":8},"end":{"line":259,"column":18}},"68":{"start":{"line":263,"column":6},"end":{"line":263,"column":23}},"69":{"start":{"line":264,"column":25},"end":{"line":264,"column":56}},"70":{"start":{"line":265,"column":23},"end":{"line":265,"column":59}},"71":{"start":{"line":268,"column":6},"end":{"line":272,"column":7}},"72":{"start":{"line":269,"column":8},"end":{"line":269,"column":44}},"73":{"start":{"line":271,"column":8},"end":{"line":271,"column":45}},"74":{"start":{"line":274,"column":6},"end":{"line":274,"column":85}},"75":{"start":{"line":275,"column":6},"end":{"line":275,"column":16}},"76":{"start":{"line":284,"column":29},"end":{"line":588,"column":1}},"77":{"start":{"line":301,"column":4},"end":{"line":301,"column":57}},"78":{"start":{"line":303,"column":19},"end":{"line":309,"column":5}},"79":{"start":{"line":311,"column":4},"end":{"line":380,"column":5}},"80":{"start":{"line":313,"column":22},"end":{"line":313,"column":101}},"81":{"start":{"line":314,"column":6},"end":{"line":314,"column":42}},"82":{"start":{"line":316,"column":6},"end":{"line":319,"column":7}},"83":{"start":{"line":317,"column":8},"end":{"line":317,"column":49}},"84":{"start":{"line":318,"column":8},"end":{"line":318,"column":22}},"85":{"start":{"line":322,"column":6},"end":{"line":362,"column":7}},"86":{"start":{"line":323,"column":8},"end":{"line":361,"column":9}},"87":{"start":{"line":325,"column":26},"end":{"line":325,"column":95}},"88":{"start":{"line":326,"column":33},"end":{"line":326,"column":111}},"89":{"start":{"line":328,"column":10},"end":{"line":331,"column":11}},"90":{"start":{"line":329,"column":12},"end":{"line":329,"column":86}},"91":{"start":{"line":330,"column":12},"end":{"line":330,"column":21}},"92":{"start":{"line":334,"column":22},"end":{"line":334,"column":70}},"93":{"start":{"line":337,"column":35},"end":{"line":337,"column":108}},"94":{"start":{"line":338,"column":24},"end":{"line":338,"column":69}},"95":{"start":{"line":339,"column":31},"end":{"line":339,"column":103}},"96":{"start":{"line":340,"column":30},"end":{"line":340,"column":100}},"97":{"start":{"line":341,"column":34},"end":{"line":341,"column":117}},"98":{"start":{"line":344,"column":31},"end":{"line":344,"column":105}},"99":{"start":{"line":347,"column":10},"end":{"line":356,"column":12}},"100":{"start":{"line":358,"column":10},"end":{"line":358,"column":38}},"101":{"start":{"line":360,"column":10},"end":{"line":360,"column":85}},"102":{"start":{"line":365,"column":6},"end":{"line":370,"column":8}},"103":{"start":{"line":372,"column":6},"end":{"line":372,"column":34}},"104":{"start":{"line":373,"column":6},"end":{"line":373,"column":114}},"105":{"start":{"line":375,"column":6},"end":{"line":375,"column":20}},"106":{"start":{"line":377,"column":6},"end":{"line":377,"column":74}},"107":{"start":{"line":378,"column":6},"end":{"line":378,"column":34}},"108":{"start":{"line":379,"column":6},"end":{"line":379,"column":20}},"109":{"start":{"line":394,"column":4},"end":{"line":394,"column":54}},"110":{"start":{"line":396,"column":19},"end":{"line":402,"column":5}},"111":{"start":{"line":404,"column":4},"end":{"line":476,"column":5}},"112":{"start":{"line":405,"column":22},"end":{"line":405,"column":98}},"113":{"start":{"line":406,"column":6},"end":{"line":406,"column":42}},"114":{"start":{"line":408,"column":6},"end":{"line":411,"column":7}},"115":{"start":{"line":409,"column":8},"end":{"line":409,"column":46}},"116":{"start":{"line":410,"column":8},"end":{"line":410,"column":22}},"117":{"start":{"line":413,"column":6},"end":{"line":458,"column":7}},"118":{"start":{"line":414,"column":8},"end":{"line":457,"column":9}},"119":{"start":{"line":416,"column":26},"end":{"line":416,"column":95}},"120":{"start":{"line":417,"column":33},"end":{"line":417,"column":111}},"121":{"start":{"line":419,"column":10},"end":{"line":422,"column":11}},"122":{"start":{"line":420,"column":12},"end":{"line":420,"column":97}},"123":{"start":{"line":421,"column":12},"end":{"line":421,"column":21}},"124":{"start":{"line":425,"column":20},"end":{"line":425,"column":80}},"125":{"start":{"line":428,"column":10},"end":{"line":430,"column":11}},"126":{"start":{"line":429,"column":12},"end":{"line":429,"column":67}},"127":{"start":{"line":433,"column":25},"end":{"line":433,"column":92}},"128":{"start":{"line":434,"column":29},"end":{"line":434,"column":104}},"129":{"start":{"line":435,"column":30},"end":{"line":435,"column":105}},"130":{"start":{"line":436,"column":30},"end":{"line":436,"column":112}},"131":{"start":{"line":439,"column":10},"end":{"line":447,"column":12}},"132":{"start":{"line":450,"column":10},"end":{"line":452,"column":13}},"133":{"start":{"line":454,"column":10},"end":{"line":454,"column":38}},"134":{"start":{"line":456,"column":10},"end":{"line":456,"column":82}},"135":{"start":{"line":461,"column":6},"end":{"line":466,"column":8}},"136":{"start":{"line":468,"column":6},"end":{"line":468,"column":34}},"137":{"start":{"line":469,"column":6},"end":{"line":469,"column":111}},"138":{"start":{"line":471,"column":6},"end":{"line":471,"column":20}},"139":{"start":{"line":473,"column":6},"end":{"line":473,"column":71}},"140":{"start":{"line":474,"column":6},"end":{"line":474,"column":34}},"141":{"start":{"line":475,"column":6},"end":{"line":475,"column":20}},"142":{"start":{"line":488,"column":4},"end":{"line":488,"column":55}},"143":{"start":{"line":490,"column":19},"end":{"line":496,"column":5}},"144":{"start":{"line":498,"column":4},"end":{"line":564,"column":5}},"145":{"start":{"line":499,"column":22},"end":{"line":499,"column":99}},"146":{"start":{"line":500,"column":6},"end":{"line":500,"column":42}},"147":{"start":{"line":502,"column":6},"end":{"line":505,"column":7}},"148":{"start":{"line":503,"column":8},"end":{"line":503,"column":47}},"149":{"start":{"line":504,"column":8},"end":{"line":504,"column":22}},"150":{"start":{"line":507,"column":6},"end":{"line":546,"column":7}},"151":{"start":{"line":508,"column":8},"end":{"line":545,"column":9}},"152":{"start":{"line":510,"column":26},"end":{"line":510,"column":95}},"153":{"start":{"line":511,"column":27},"end":{"line":511,"column":99}},"154":{"start":{"line":513,"column":10},"end":{"line":516,"column":11}},"155":{"start":{"line":514,"column":12},"end":{"line":514,"column":91}},"156":{"start":{"line":515,"column":12},"end":{"line":515,"column":21}},"157":{"start":{"line":519,"column":20},"end":{"line":519,"column":74}},"158":{"start":{"line":521,"column":10},"end":{"line":523,"column":11}},"159":{"start":{"line":522,"column":12},"end":{"line":522,"column":61}},"160":{"start":{"line":526,"column":35},"end":{"line":526,"column":111}},"161":{"start":{"line":527,"column":26},"end":{"line":527,"column":80}},"162":{"start":{"line":528,"column":29},"end":{"line":528,"column":100}},"163":{"start":{"line":529,"column":33},"end":{"line":529,"column":89}},"164":{"start":{"line":532,"column":10},"end":{"line":540,"column":12}},"165":{"start":{"line":542,"column":10},"end":{"line":542,"column":38}},"166":{"start":{"line":544,"column":10},"end":{"line":544,"column":83}},"167":{"start":{"line":549,"column":6},"end":{"line":554,"column":8}},"168":{"start":{"line":556,"column":6},"end":{"line":556,"column":34}},"169":{"start":{"line":557,"column":6},"end":{"line":557,"column":112}},"170":{"start":{"line":559,"column":6},"end":{"line":559,"column":20}},"171":{"start":{"line":561,"column":6},"end":{"line":561,"column":72}},"172":{"start":{"line":562,"column":6},"end":{"line":562,"column":34}},"173":{"start":{"line":563,"column":6},"end":{"line":563,"column":20}},"174":{"start":{"line":577,"column":4},"end":{"line":577,"column":61}},"175":{"start":{"line":579,"column":20},"end":{"line":579,"column":22}},"176":{"start":{"line":581,"column":4},"end":{"line":581,"column":68}},"177":{"start":{"line":582,"column":4},"end":{"line":582,"column":65}},"178":{"start":{"line":583,"column":4},"end":{"line":583,"column":66}},"179":{"start":{"line":585,"column":4},"end":{"line":585,"column":58}},"180":{"start":{"line":586,"column":4},"end":{"line":586,"column":19}},"181":{"start":{"line":590,"column":0},"end":{"line":594,"column":2}}},"fnMap":{"0":{"name":"(anonymous_0)","decl":{"start":{"line":41,"column":14},"end":{"line":41,"column":15}},"loc":{"start":{"line":41,"column":25},"end":{"line":43,"column":3}},"line":41},"1":{"name":"(anonymous_1)","decl":{"start":{"line":54,"column":22},"end":{"line":54,"column":23}},"loc":{"start":{"line":54,"column":33},"end":{"line":58,"column":3}},"line":54},"2":{"name":"(anonymous_2)","decl":{"start":{"line":74,"column":19},"end":{"line":74,"column":20}},"loc":{"start":{"line":74,"column":34},"end":{"line":110,"column":3}},"line":74},"3":{"name":"(anonymous_3)","decl":{"start":{"line":121,"column":16},"end":{"line":121,"column":17}},"loc":{"start":{"line":121,"column":29},"end":{"line":125,"column":3}},"line":121},"4":{"name":"(anonymous_4)","decl":{"start":{"line":138,"column":13},"end":{"line":138,"column":14}},"loc":{"start":{"line":138,"column":46},"end":{"line":152,"column":3}},"line":138},"5":{"name":"(anonymous_5)","decl":{"start":{"line":164,"column":13},"end":{"line":164,"column":14}},"loc":{"start":{"line":164,"column":42},"end":{"line":169,"column":3}},"line":164},"6":{"name":"(anonymous_6)","decl":{"start":{"line":190,"column":11},"end":{"line":190,"column":12}},"loc":{"start":{"line":190,"column":31},"end":{"line":203,"column":3}},"line":190},"7":{"name":"(anonymous_7)","decl":{"start":{"line":218,"column":12},"end":{"line":218,"column":13}},"loc":{"start":{"line":218,"column":32},"end":{"line":229,"column":3}},"line":218},"8":{"name":"(anonymous_8)","decl":{"start":{"line":241,"column":27},"end":{"line":241,"column":28}},"loc":{"start":{"line":241,"column":52},"end":{"line":277,"column":3}},"line":241},"9":{"name":"(anonymous_9)","decl":{"start":{"line":253,"column":37},"end":{"line":253,"column":38}},"loc":{"start":{"line":254,"column":8},"end":{"line":254,"column":71}},"line":254},"10":{"name":"(anonymous_10)","decl":{"start":{"line":300,"column":24},"end":{"line":300,"column":25}},"loc":{"start":{"line":300,"column":36},"end":{"line":381,"column":3}},"line":300},"11":{"name":"(anonymous_11)","decl":{"start":{"line":393,"column":21},"end":{"line":393,"column":22}},"loc":{"start":{"line":393,"column":33},"end":{"line":477,"column":3}},"line":393},"12":{"name":"(anonymous_12)","decl":{"start":{"line":487,"column":22},"end":{"line":487,"column":23}},"loc":{"start":{"line":487,"column":34},"end":{"line":565,"column":3}},"line":487},"13":{"name":"(anonymous_13)","decl":{"start":{"line":576,"column":17},"end":{"line":576,"column":18}},"loc":{"start":{"line":576,"column":29},"end":{"line":587,"column":3}},"line":576}},"branchMap":{"0":{"loc":{"start":{"line":42,"column":11},"end":{"line":42,"column":59}},"type":"cond-expr","locations":[{"start":{"line":42,"column":39},"end":{"line":42,"column":51}},{"start":{"line":42,"column":54},"end":{"line":42,"column":59}}],"line":42},"1":{"loc":{"start":{"line":55,"column":4},"end":{"line":55,"column":48}},"type":"if","locations":[{"start":{"line":55,"column":4},"end":{"line":55,"column":48}},{"start":{},"end":{}}],"line":55},"2":{"loc":{"start":{"line":57,"column":11},"end":{"line":57,"column":54}},"type":"binary-expr","locations":[{"start":{"line":57,"column":11},"end":{"line":57,"column":45}},{"start":{"line":57,"column":49},"end":{"line":57,"column":54}}],"line":57},"3":{"loc":{"start":{"line":75,"column":4},"end":{"line":75,"column":32}},"type":"if","locations":[{"start":{"line":75,"column":4},"end":{"line":75,"column":32}},{"start":{},"end":{}}],"line":75},"4":{"loc":{"start":{"line":78,"column":4},"end":{"line":80,"column":5}},"type":"if","locations":[{"start":{"line":78,"column":4},"end":{"line":80,"column":5}},{"start":{},"end":{}}],"line":78},"5":{"loc":{"start":{"line":82,"column":4},"end":{"line":84,"column":5}},"type":"if","locations":[{"start":{"line":82,"column":4},"end":{"line":84,"column":5}},{"start":{},"end":{}}],"line":82},"6":{"loc":{"start":{"line":89,"column":4},"end":{"line":91,"column":5}},"type":"if","locations":[{"start":{"line":89,"column":4},"end":{"line":91,"column":5}},{"start":{},"end":{}}],"line":89},"7":{"loc":{"start":{"line":94,"column":4},"end":{"line":97,"column":5}},"type":"if","locations":[{"start":{"line":94,"column":4},"end":{"line":97,"column":5}},{"start":{},"end":{}}],"line":94},"8":{"loc":{"start":{"line":100,"column":4},"end":{"line":107,"column":5}},"type":"if","locations":[{"start":{"line":100,"column":4},"end":{"line":107,"column":5}},{"start":{},"end":{}}],"line":100},"9":{"loc":{"start":{"line":104,"column":6},"end":{"line":106,"column":7}},"type":"if","locations":[{"start":{"line":104,"column":6},"end":{"line":106,"column":7}},{"start":{},"end":{}}],"line":104},"10":{"loc":{"start":{"line":124,"column":11},"end":{"line":124,"column":44}},"type":"binary-expr","locations":[{"start":{"line":124,"column":11},"end":{"line":124,"column":37}},{"start":{"line":124,"column":41},"end":{"line":124,"column":44}}],"line":124},"11":{"loc":{"start":{"line":138,"column":21},"end":{"line":138,"column":41}},"type":"default-arg","locations":[{"start":{"line":138,"column":36},"end":{"line":138,"column":41}}],"line":138},"12":{"loc":{"start":{"line":139,"column":4},"end":{"line":139,"column":49}},"type":"if","locations":[{"start":{"line":139,"column":4},"end":{"line":139,"column":49}},{"start":{},"end":{}}],"line":139},"13":{"loc":{"start":{"line":140,"column":4},"end":{"line":140,"column":55}},"type":"if","locations":[{"start":{"line":140,"column":4},"end":{"line":140,"column":55}},{"start":{},"end":{}}],"line":140},"14":{"loc":{"start":{"line":144,"column":4},"end":{"line":146,"column":5}},"type":"if","locations":[{"start":{"line":144,"column":4},"end":{"line":146,"column":5}},{"start":{},"end":{}}],"line":144},"15":{"loc":{"start":{"line":147,"column":4},"end":{"line":149,"column":5}},"type":"if","locations":[{"start":{"line":147,"column":4},"end":{"line":149,"column":5}},{"start":{},"end":{}}],"line":147},"16":{"loc":{"start":{"line":164,"column":21},"end":{"line":164,"column":37}},"type":"default-arg","locations":[{"start":{"line":164,"column":36},"end":{"line":164,"column":37}}],"line":164},"17":{"loc":{"start":{"line":165,"column":4},"end":{"line":165,"column":60}},"type":"if","locations":[{"start":{"line":165,"column":4},"end":{"line":165,"column":60}},{"start":{},"end":{}}],"line":165},"18":{"loc":{"start":{"line":168,"column":11},"end":{"line":168,"column":55}},"type":"cond-expr","locations":[{"start":{"line":168,"column":34},"end":{"line":168,"column":46}},{"start":{"line":168,"column":49},"end":{"line":168,"column":55}}],"line":168},"19":{"loc":{"start":{"line":244,"column":6},"end":{"line":247,"column":7}},"type":"if","locations":[{"start":{"line":244,"column":6},"end":{"line":247,"column":7}},{"start":{},"end":{}}],"line":244},"20":{"loc":{"start":{"line":254,"column":8},"end":{"line":254,"column":71}},"type":"binary-expr","locations":[{"start":{"line":254,"column":8},"end":{"line":254,"column":26}},{"start":{"line":254,"column":30},"end":{"line":254,"column":49}},{"start":{"line":254,"column":53},"end":{"line":254,"column":71}}],"line":254},"21":{"loc":{"start":{"line":257,"column":6},"end":{"line":260,"column":7}},"type":"if","locations":[{"start":{"line":257,"column":6},"end":{"line":260,"column":7}},{"start":{},"end":{}}],"line":257},"22":{"loc":{"start":{"line":268,"column":6},"end":{"line":272,"column":7}},"type":"if","locations":[{"start":{"line":268,"column":6},"end":{"line":272,"column":7}},{"start":{"line":270,"column":13},"end":{"line":272,"column":7}}],"line":268},"23":{"loc":{"start":{"line":316,"column":6},"end":{"line":319,"column":7}},"type":"if","locations":[{"start":{"line":316,"column":6},"end":{"line":319,"column":7}},{"start":{},"end":{}}],"line":316},"24":{"loc":{"start":{"line":325,"column":51},"end":{"line":325,"column":94}},"type":"binary-expr","locations":[{"start":{"line":325,"column":51},"end":{"line":325,"column":67}},{"start":{"line":325,"column":71},"end":{"line":325,"column":88}},{"start":{"line":325,"column":92},"end":{"line":325,"column":94}}],"line":325},"25":{"loc":{"start":{"line":326,"column":61},"end":{"line":326,"column":110}},"type":"binary-expr","locations":[{"start":{"line":326,"column":61},"end":{"line":326,"column":86}},{"start":{"line":326,"column":90},"end":{"line":326,"column":104}},{"start":{"line":326,"column":108},"end":{"line":326,"column":110}}],"line":326},"26":{"loc":{"start":{"line":328,"column":10},"end":{"line":331,"column":11}},"type":"if","locations":[{"start":{"line":328,"column":10},"end":{"line":331,"column":11}},{"start":{},"end":{}}],"line":328},"27":{"loc":{"start":{"line":328,"column":14},"end":{"line":328,"column":41}},"type":"binary-expr","locations":[{"start":{"line":328,"column":14},"end":{"line":328,"column":22}},{"start":{"line":328,"column":26},"end":{"line":328,"column":41}}],"line":328},"28":{"loc":{"start":{"line":337,"column":58},"end":{"line":337,"column":107}},"type":"binary-expr","locations":[{"start":{"line":337,"column":58},"end":{"line":337,"column":83}},{"start":{"line":337,"column":87},"end":{"line":337,"column":101}},{"start":{"line":337,"column":105},"end":{"line":337,"column":107}}],"line":337},"29":{"loc":{"start":{"line":338,"column":47},"end":{"line":338,"column":68}},"type":"binary-expr","locations":[{"start":{"line":338,"column":47},"end":{"line":338,"column":62}},{"start":{"line":338,"column":66},"end":{"line":338,"column":68}}],"line":338},"30":{"loc":{"start":{"line":339,"column":53},"end":{"line":339,"column":102}},"type":"binary-expr","locations":[{"start":{"line":339,"column":53},"end":{"line":339,"column":76}},{"start":{"line":339,"column":80},"end":{"line":339,"column":97}},{"start":{"line":339,"column":101},"end":{"line":339,"column":102}}],"line":339},"31":{"loc":{"start":{"line":340,"column":52},"end":{"line":340,"column":99}},"type":"binary-expr","locations":[{"start":{"line":340,"column":52},"end":{"line":340,"column":74}},{"start":{"line":340,"column":78},"end":{"line":340,"column":94}},{"start":{"line":340,"column":98},"end":{"line":340,"column":99}}],"line":340},"32":{"loc":{"start":{"line":341,"column":56},"end":{"line":341,"column":116}},"type":"binary-expr","locations":[{"start":{"line":341,"column":56},"end":{"line":341,"column":82}},{"start":{"line":341,"column":86},"end":{"line":341,"column":111}},{"start":{"line":341,"column":115},"end":{"line":341,"column":116}}],"line":341},"33":{"loc":{"start":{"line":344,"column":53},"end":{"line":344,"column":104}},"type":"binary-expr","locations":[{"start":{"line":344,"column":53},"end":{"line":344,"column":73}},{"start":{"line":344,"column":77},"end":{"line":344,"column":95}},{"start":{"line":344,"column":99},"end":{"line":344,"column":104}}],"line":344},"34":{"loc":{"start":{"line":369,"column":8},"end":{"line":369,"column":72}},"type":"cond-expr","locations":[{"start":{"line":369,"column":37},"end":{"line":369,"column":46}},{"start":{"line":369,"column":49},"end":{"line":369,"column":72}}],"line":369},"35":{"loc":{"start":{"line":408,"column":6},"end":{"line":411,"column":7}},"type":"if","locations":[{"start":{"line":408,"column":6},"end":{"line":411,"column":7}},{"start":{},"end":{}}],"line":408},"36":{"loc":{"start":{"line":416,"column":51},"end":{"line":416,"column":94}},"type":"binary-expr","locations":[{"start":{"line":416,"column":51},"end":{"line":416,"column":67}},{"start":{"line":416,"column":71},"end":{"line":416,"column":88}},{"start":{"line":416,"column":92},"end":{"line":416,"column":94}}],"line":416},"37":{"loc":{"start":{"line":417,"column":61},"end":{"line":417,"column":110}},"type":"binary-expr","locations":[{"start":{"line":417,"column":61},"end":{"line":417,"column":86}},{"start":{"line":417,"column":90},"end":{"line":417,"column":104}},{"start":{"line":417,"column":108},"end":{"line":417,"column":110}}],"line":417},"38":{"loc":{"start":{"line":419,"column":10},"end":{"line":422,"column":11}},"type":"if","locations":[{"start":{"line":419,"column":10},"end":{"line":422,"column":11}},{"start":{},"end":{}}],"line":419},"39":{"loc":{"start":{"line":419,"column":14},"end":{"line":419,"column":41}},"type":"binary-expr","locations":[{"start":{"line":419,"column":14},"end":{"line":419,"column":22}},{"start":{"line":419,"column":26},"end":{"line":419,"column":41}}],"line":419},"40":{"loc":{"start":{"line":428,"column":10},"end":{"line":430,"column":11}},"type":"if","locations":[{"start":{"line":428,"column":10},"end":{"line":430,"column":11}},{"start":{},"end":{}}],"line":428},"41":{"loc":{"start":{"line":433,"column":47},"end":{"line":433,"column":91}},"type":"binary-expr","locations":[{"start":{"line":433,"column":47},"end":{"line":433,"column":64}},{"start":{"line":433,"column":68},"end":{"line":433,"column":82}},{"start":{"line":433,"column":86},"end":{"line":433,"column":91}}],"line":433},"42":{"loc":{"start":{"line":434,"column":52},"end":{"line":434,"column":103}},"type":"binary-expr","locations":[{"start":{"line":434,"column":52},"end":{"line":434,"column":73}},{"start":{"line":434,"column":77},"end":{"line":434,"column":97}},{"start":{"line":434,"column":101},"end":{"line":434,"column":103}}],"line":434},"43":{"loc":{"start":{"line":435,"column":52},"end":{"line":435,"column":104}},"type":"binary-expr","locations":[{"start":{"line":435,"column":52},"end":{"line":435,"column":74}},{"start":{"line":435,"column":78},"end":{"line":435,"column":99}},{"start":{"line":435,"column":103},"end":{"line":435,"column":104}}],"line":435},"44":{"loc":{"start":{"line":436,"column":53},"end":{"line":436,"column":111}},"type":"binary-expr","locations":[{"start":{"line":436,"column":53},"end":{"line":436,"column":75}},{"start":{"line":436,"column":79},"end":{"line":436,"column":98}},{"start":{"line":436,"column":102},"end":{"line":436,"column":111}}],"line":436},"45":{"loc":{"start":{"line":502,"column":6},"end":{"line":505,"column":7}},"type":"if","locations":[{"start":{"line":502,"column":6},"end":{"line":505,"column":7}},{"start":{},"end":{}}],"line":502},"46":{"loc":{"start":{"line":510,"column":51},"end":{"line":510,"column":94}},"type":"binary-expr","locations":[{"start":{"line":510,"column":51},"end":{"line":510,"column":67}},{"start":{"line":510,"column":71},"end":{"line":510,"column":88}},{"start":{"line":510,"column":92},"end":{"line":510,"column":94}}],"line":510},"47":{"loc":{"start":{"line":511,"column":55},"end":{"line":511,"column":98}},"type":"binary-expr","locations":[{"start":{"line":511,"column":55},"end":{"line":511,"column":74}},{"start":{"line":511,"column":78},"end":{"line":511,"column":92}},{"start":{"line":511,"column":96},"end":{"line":511,"column":98}}],"line":511},"48":{"loc":{"start":{"line":513,"column":10},"end":{"line":516,"column":11}},"type":"if","locations":[{"start":{"line":513,"column":10},"end":{"line":516,"column":11}},{"start":{},"end":{}}],"line":513},"49":{"loc":{"start":{"line":513,"column":14},"end":{"line":513,"column":35}},"type":"binary-expr","locations":[{"start":{"line":513,"column":14},"end":{"line":513,"column":22}},{"start":{"line":513,"column":26},"end":{"line":513,"column":35}}],"line":513},"50":{"loc":{"start":{"line":521,"column":10},"end":{"line":523,"column":11}},"type":"if","locations":[{"start":{"line":521,"column":10},"end":{"line":523,"column":11}},{"start":{},"end":{}}],"line":521},"51":{"loc":{"start":{"line":526,"column":58},"end":{"line":526,"column":110}},"type":"binary-expr","locations":[{"start":{"line":526,"column":58},"end":{"line":526,"column":85}},{"start":{"line":526,"column":89},"end":{"line":526,"column":104}},{"start":{"line":526,"column":108},"end":{"line":526,"column":110}}],"line":526},"52":{"loc":{"start":{"line":527,"column":49},"end":{"line":527,"column":79}},"type":"binary-expr","locations":[{"start":{"line":527,"column":49},"end":{"line":527,"column":66}},{"start":{"line":527,"column":70},"end":{"line":527,"column":79}}],"line":527},"53":{"loc":{"start":{"line":528,"column":51},"end":{"line":528,"column":99}},"type":"binary-expr","locations":[{"start":{"line":528,"column":51},"end":{"line":528,"column":72}},{"start":{"line":528,"column":76},"end":{"line":528,"column":94}},{"start":{"line":528,"column":98},"end":{"line":528,"column":99}}],"line":528},"54":{"loc":{"start":{"line":529,"column":56},"end":{"line":529,"column":88}},"type":"binary-expr","locations":[{"start":{"line":529,"column":56},"end":{"line":529,"column":72}},{"start":{"line":529,"column":76},"end":{"line":529,"column":88}}],"line":529}},"s":{"0":1,"1":1,"2":1,"3":1,"4":1,"5":1,"6":1,"7":1,"8":4,"9":3,"10":0,"11":3,"12":3,"13":0,"14":3,"15":1,"16":2,"17":0,"18":2,"19":2,"20":1,"21":1,"22":1,"23":1,"24":0,"25":0,"26":0,"27":0,"28":0,"29":0,"30":2,"31":2,"32":4,"33":0,"34":4,"35":0,"36":4,"37":4,"38":2,"39":2,"40":2,"41":0,"42":4,"43":0,"44":4,"45":4,"46":1,"47":0,"48":0,"49":0,"50":0,"51":0,"52":0,"53":0,"54":0,"55":0,"56":0,"57":0,"58":0,"59":0,"60":0,"61":0,"62":0,"63":0,"64":0,"65":0,"66":0,"67":0,"68":0,"69":0,"70":0,"71":0,"72":0,"73":0,"74":0,"75":0,"76":1,"77":0,"78":0,"79":0,"80":0,"81":0,"82":0,"83":0,"84":0,"85":0,"86":0,"87":0,"88":0,"89":0,"90":0,"91":0,"92":0,"93":0,"94":0,"95":0,"96":0,"97":0,"98":0,"99":0,"100":0,"101":0,"102":0,"103":0,"104":0,"105":0,"106":0,"107":0,"108":0,"109":0,"110":0,"111":0,"112":0,"113":0,"114":0,"115":0,"116":0,"117":0,"118":0,"119":0,"120":0,"121":0,"122":0,"123":0,"124":0,"125":0,"126":0,"127":0,"128":0,"129":0,"130":0,"131":0,"132":0,"133":0,"134":0,"135":0,"136":0,"137":0,"138":0,"139":0,"140":0,"141":0,"142":0,"143":0,"144":0,"145":0,"146":0,"147":0,"148":0,"149":0,"150":0,"151":0,"152":0,"153":0,"154":0,"155":0,"156":0,"157":0,"158":0,"159":0,"160":0,"161":0,"162":0,"163":0,"164":0,"165":0,"166":0,"167":0,"168":0,"169":0,"170":0,"171":0,"172":0,"173":0,"174":0,"175":0,"176":0,"177":0,"178":0,"179":0,"180":0,"181":1},"f":{"0":4,"1":3,"2":3,"3":2,"4":4,"5":4,"6":0,"7":0,"8":0,"9":0,"10":0,"11":0,"12":0,"13":0},"b":{"0":[4,0],"1":[0,3],"2":[3,0],"3":[0,3],"4":[1,2],"5":[0,2],"6":[1,1],"7":[1,0],"8":[0,0],"9":[0,0],"10":[2,0],"11":[4],"12":[0,4],"13":[0,4],"14":[2,2],"15":[2,0],"16":[2],"17":[0,4],"18":[2,2],"19":[0,0],"20":[0,0,0],"21":[0,0],"22":[0,0],"23":[0,0],"24":[0,0,0],"25":[0,0,0],"26":[0,0],"27":[0,0],"28":[0,0,0],"29":[0,0],"30":[0,0,0],"31":[0,0,0],"32":[0,0,0],"33":[0,0,0],"34":[0,0],"35":[0,0],"36":[0,0,0],"37":[0,0,0],"38":[0,0],"39":[0,0],"40":[0,0],"41":[0,0,0],"42":[0,0,0],"43":[0,0,0],"44":[0,0,0],"45":[0,0],"46":[0,0,0],"47":[0,0,0],"48":[0,0],"49":[0,0],"50":[0,0],"51":[0,0,0],"52":[0,0],"53":[0,0,0],"54":[0,0]},"_coverageSchema":"1a1c01bbd47fc00a2c39e90264f33305004495a9","hash":"7fc1e9488d9e84d3e00549810c76c650fc5566d5"}
,"C:\\Users\\celin\\Downloads\\cs48000_assignments\\src\\db.js": {"path":"C:\\Users\\celin\\Downloads\\cs48000_assignments\\src\\db.js","statementMap":{"0":{"start":{"line":16,"column":17},"end":{"line":16,"column":30}},"1":{"start":{"line":17,"column":15},"end":{"line":17,"column":34}},"2":{"start":{"line":21,"column":13},"end":{"line":30,"column":2}},"3":{"start":{"line":33,"column":0},"end":{"line":35,"column":3}},"4":{"start":{"line":34,"column":2},"end":{"line":34,"column":56}},"5":{"start":{"line":55,"column":14},"end":{"line":63,"column":1}},"6":{"start":{"line":56,"column":2},"end":{"line":62,"column":3}},"7":{"start":{"line":57,"column":19},"end":{"line":57,"column":56}},"8":{"start":{"line":58,"column":4},"end":{"line":58,"column":18}},"9":{"start":{"line":60,"column":4},"end":{"line":60,"column":58}},"10":{"start":{"line":61,"column":4},"end":{"line":61,"column":16}},"11":{"start":{"line":88,"column":20},"end":{"line":102,"column":1}},"12":{"start":{"line":89,"column":17},"end":{"line":89,"column":37}},"13":{"start":{"line":90,"column":2},"end":{"line":101,"column":3}},"14":{"start":{"line":91,"column":4},"end":{"line":91,"column":32}},"15":{"start":{"line":92,"column":19},"end":{"line":92,"column":41}},"16":{"start":{"line":93,"column":4},"end":{"line":93,"column":33}},"17":{"start":{"line":94,"column":4},"end":{"line":94,"column":18}},"18":{"start":{"line":96,"column":4},"end":{"line":96,"column":35}},"19":{"start":{"line":97,"column":4},"end":{"line":97,"column":16}},"20":{"start":{"line":100,"column":4},"end":{"line":100,"column":21}},"21":{"start":{"line":115,"column":18},"end":{"line":122,"column":1}},"22":{"start":{"line":116,"column":2},"end":{"line":121,"column":3}},"23":{"start":{"line":117,"column":4},"end":{"line":117,"column":21}},"24":{"start":{"line":118,"column":4},"end":{"line":118,"column":53}},"25":{"start":{"line":120,"column":4},"end":{"line":120,"column":65}},"26":{"start":{"line":124,"column":0},"end":{"line":129,"column":2}}},"fnMap":{"0":{"name":"(anonymous_0)","decl":{"start":{"line":33,"column":17},"end":{"line":33,"column":18}},"loc":{"start":{"line":33,"column":26},"end":{"line":35,"column":1}},"line":33},"1":{"name":"(anonymous_1)","decl":{"start":{"line":55,"column":14},"end":{"line":55,"column":15}},"loc":{"start":{"line":55,"column":50},"end":{"line":63,"column":1}},"line":55},"2":{"name":"(anonymous_2)","decl":{"start":{"line":88,"column":20},"end":{"line":88,"column":21}},"loc":{"start":{"line":88,"column":40},"end":{"line":102,"column":1}},"line":88},"3":{"name":"(anonymous_3)","decl":{"start":{"line":115,"column":18},"end":{"line":115,"column":19}},"loc":{"start":{"line":115,"column":30},"end":{"line":122,"column":1}},"line":115}},"branchMap":{"0":{"loc":{"start":{"line":55,"column":34},"end":{"line":55,"column":45}},"type":"default-arg","locations":[{"start":{"line":55,"column":43},"end":{"line":55,"column":45}}],"line":55}},"s":{"0":1,"1":1,"2":1,"3":1,"4":0,"5":1,"6":32,"7":32,"8":32,"9":0,"10":0,"11":1,"12":0,"13":0,"14":0,"15":0,"16":0,"17":0,"18":0,"19":0,"20":0,"21":1,"22":1,"23":1,"24":1,"25":0,"26":1},"f":{"0":0,"1":32,"2":0,"3":1},"b":{"0":[1]},"_coverageSchema":"1a1c01bbd47fc00a2c39e90264f33305004495a9","hash":"ecc771c9ceaec51b47b8981e84fdf04ac05a047e"}
,"C:\\Users\\celin\\Downloads\\cs48000_assignments\\src\\models.js": {"path":"C:\\Users\\celin\\Downloads\\cs48000_assignments\\src\\models.js","statementMap":{"0":{"start":{"line":17,"column":11},"end":{"line":17,"column":26}},"1":{"start":{"line":23,"column":12},"end":{"line":165,"column":1}},"2":{"start":{"line":35,"column":18},"end":{"line":41,"column":5}},"3":{"start":{"line":42,"column":19},"end":{"line":42,"column":67}},"4":{"start":{"line":43,"column":4},"end":{"line":43,"column":26}},"5":{"start":{"line":57,"column":18},"end":{"line":60,"column":5}},"6":{"start":{"line":61,"column":19},"end":{"line":61,"column":67}},"7":{"start":{"line":62,"column":4},"end":{"line":62,"column":34}},"8":{"start":{"line":75,"column":18},"end":{"line":80,"column":5}},"9":{"start":{"line":81,"column":19},"end":{"line":81,"column":58}},"10":{"start":{"line":82,"column":4},"end":{"line":82,"column":23}},"11":{"start":{"line":96,"column":26},"end":{"line":100,"column":5}},"12":{"start":{"line":102,"column":26},"end":{"line":102,"column":28}},"13":{"start":{"line":103,"column":19},"end":{"line":103,"column":21}},"14":{"start":{"line":104,"column":21},"end":{"line":104,"column":22}},"15":{"start":{"line":106,"column":4},"end":{"line":112,"column":7}},"16":{"start":{"line":107,"column":6},"end":{"line":111,"column":7}},"17":{"start":{"line":108,"column":8},"end":{"line":108,"column":54}},"18":{"start":{"line":109,"column":8},"end":{"line":109,"column":27}},"19":{"start":{"line":110,"column":8},"end":{"line":110,"column":24}},"20":{"start":{"line":114,"column":4},"end":{"line":116,"column":5}},"21":{"start":{"line":115,"column":6},"end":{"line":115,"column":33}},"22":{"start":{"line":118,"column":4},"end":{"line":118,"column":23}},"23":{"start":{"line":119,"column":18},"end":{"line":124,"column":5}},"24":{"start":{"line":126,"column":19},"end":{"line":126,"column":48}},"25":{"start":{"line":127,"column":4},"end":{"line":127,"column":26}},"26":{"start":{"line":140,"column":18},"end":{"line":140,"column":52}},"27":{"start":{"line":141,"column":19},"end":{"line":141,"column":49}},"28":{"start":{"line":142,"column":4},"end":{"line":142,"column":34}},"29":{"start":{"line":157,"column":18},"end":{"line":161,"column":5}},"30":{"start":{"line":162,"column":19},"end":{"line":162,"column":62}},"31":{"start":{"line":163,"column":4},"end":{"line":163,"column":23}},"32":{"start":{"line":171,"column":25},"end":{"line":259,"column":1}},"33":{"start":{"line":198,"column":18},"end":{"line":203,"column":5}},"34":{"start":{"line":204,"column":19},"end":{"line":213,"column":6}},"35":{"start":{"line":214,"column":4},"end":{"line":214,"column":26}},"36":{"start":{"line":227,"column":18},"end":{"line":231,"column":5}},"37":{"start":{"line":232,"column":19},"end":{"line":232,"column":49}},"38":{"start":{"line":233,"column":4},"end":{"line":233,"column":23}},"39":{"start":{"line":249,"column":18},"end":{"line":255,"column":5}},"40":{"start":{"line":256,"column":19},"end":{"line":256,"column":80}},"41":{"start":{"line":257,"column":4},"end":{"line":257,"column":23}},"42":{"start":{"line":265,"column":32},"end":{"line":379,"column":1}},"43":{"start":{"line":290,"column":18},"end":{"line":295,"column":5}},"44":{"start":{"line":296,"column":19},"end":{"line":304,"column":6}},"45":{"start":{"line":305,"column":4},"end":{"line":305,"column":26}},"46":{"start":{"line":318,"column":18},"end":{"line":322,"column":5}},"47":{"start":{"line":323,"column":19},"end":{"line":323,"column":49}},"48":{"start":{"line":324,"column":4},"end":{"line":324,"column":23}},"49":{"start":{"line":345,"column":18},"end":{"line":356,"column":5}},"50":{"start":{"line":357,"column":19},"end":{"line":357,"column":62}},"51":{"start":{"line":358,"column":4},"end":{"line":358,"column":23}},"52":{"start":{"line":371,"column":18},"end":{"line":375,"column":5}},"53":{"start":{"line":376,"column":19},"end":{"line":376,"column":40}},"54":{"start":{"line":377,"column":4},"end":{"line":377,"column":23}},"55":{"start":{"line":385,"column":23},"end":{"line":496,"column":1}},"56":{"start":{"line":410,"column":18},"end":{"line":415,"column":5}},"57":{"start":{"line":416,"column":19},"end":{"line":424,"column":6}},"58":{"start":{"line":425,"column":4},"end":{"line":425,"column":26}},"59":{"start":{"line":439,"column":18},"end":{"line":442,"column":5}},"60":{"start":{"line":443,"column":19},"end":{"line":443,"column":49}},"61":{"start":{"line":444,"column":4},"end":{"line":444,"column":34}},"62":{"start":{"line":458,"column":18},"end":{"line":472,"column":5}},"63":{"start":{"line":473,"column":19},"end":{"line":473,"column":51}},"64":{"start":{"line":474,"column":4},"end":{"line":474,"column":34}},"65":{"start":{"line":487,"column":18},"end":{"line":492,"column":5}},"66":{"start":{"line":493,"column":19},"end":{"line":493,"column":40}},"67":{"start":{"line":494,"column":4},"end":{"line":494,"column":23}},"68":{"start":{"line":502,"column":27},"end":{"line":566,"column":1}},"69":{"start":{"line":516,"column":18},"end":{"line":526,"column":5}},"70":{"start":{"line":527,"column":19},"end":{"line":527,"column":97}},"71":{"start":{"line":528,"column":4},"end":{"line":528,"column":26}},"72":{"start":{"line":541,"column":18},"end":{"line":544,"column":5}},"73":{"start":{"line":545,"column":19},"end":{"line":545,"column":40}},"74":{"start":{"line":546,"column":4},"end":{"line":546,"column":23}},"75":{"start":{"line":559,"column":18},"end":{"line":562,"column":5}},"76":{"start":{"line":563,"column":19},"end":{"line":563,"column":54}},"77":{"start":{"line":564,"column":4},"end":{"line":564,"column":34}},"78":{"start":{"line":572,"column":26},"end":{"line":675,"column":1}},"79":{"start":{"line":586,"column":18},"end":{"line":591,"column":5}},"80":{"start":{"line":592,"column":19},"end":{"line":592,"column":82}},"81":{"start":{"line":593,"column":4},"end":{"line":593,"column":26}},"82":{"start":{"line":608,"column":18},"end":{"line":612,"column":5}},"83":{"start":{"line":613,"column":19},"end":{"line":613,"column":59}},"84":{"start":{"line":614,"column":4},"end":{"line":614,"column":34}},"85":{"start":{"line":627,"column":18},"end":{"line":632,"column":5}},"86":{"start":{"line":633,"column":19},"end":{"line":633,"column":40}},"87":{"start":{"line":634,"column":4},"end":{"line":634,"column":23}},"88":{"start":{"line":647,"column":18},"end":{"line":651,"column":5}},"89":{"start":{"line":652,"column":19},"end":{"line":652,"column":49}},"90":{"start":{"line":653,"column":4},"end":{"line":653,"column":23}},"91":{"start":{"line":666,"column":18},"end":{"line":671,"column":5}},"92":{"start":{"line":672,"column":19},"end":{"line":672,"column":50}},"93":{"start":{"line":673,"column":4},"end":{"line":673,"column":26}},"94":{"start":{"line":677,"column":0},"end":{"line":684,"column":2}}},"fnMap":{"0":{"name":"(anonymous_0)","decl":{"start":{"line":34,"column":10},"end":{"line":34,"column":11}},"loc":{"start":{"line":34,"column":45},"end":{"line":44,"column":3}},"line":34},"1":{"name":"(anonymous_1)","decl":{"start":{"line":56,"column":22},"end":{"line":56,"column":23}},"loc":{"start":{"line":56,"column":57},"end":{"line":63,"column":3}},"line":56},"2":{"name":"(anonymous_2)","decl":{"start":{"line":74,"column":16},"end":{"line":74,"column":17}},"loc":{"start":{"line":74,"column":35},"end":{"line":83,"column":3}},"line":74},"3":{"name":"(anonymous_3)","decl":{"start":{"line":95,"column":10},"end":{"line":95,"column":11}},"loc":{"start":{"line":95,"column":36},"end":{"line":128,"column":3}},"line":95},"4":{"name":"(anonymous_4)","decl":{"start":{"line":106,"column":36},"end":{"line":106,"column":37}},"loc":{"start":{"line":106,"column":54},"end":{"line":112,"column":5}},"line":106},"5":{"name":"(anonymous_5)","decl":{"start":{"line":139,"column":12},"end":{"line":139,"column":13}},"loc":{"start":{"line":139,"column":29},"end":{"line":143,"column":3}},"line":139},"6":{"name":"(anonymous_6)","decl":{"start":{"line":156,"column":19},"end":{"line":156,"column":20}},"loc":{"start":{"line":156,"column":49},"end":{"line":164,"column":3}},"line":156},"7":{"name":"(anonymous_7)","decl":{"start":{"line":188,"column":10},"end":{"line":188,"column":11}},"loc":{"start":{"line":197,"column":7},"end":{"line":215,"column":3}},"line":197},"8":{"name":"(anonymous_8)","decl":{"start":{"line":226,"column":15},"end":{"line":226,"column":16}},"loc":{"start":{"line":226,"column":32},"end":{"line":234,"column":3}},"line":226},"9":{"name":"(anonymous_9)","decl":{"start":{"line":248,"column":36},"end":{"line":248,"column":37}},"loc":{"start":{"line":248,"column":84},"end":{"line":258,"column":3}},"line":248},"10":{"name":"(anonymous_10)","decl":{"start":{"line":281,"column":10},"end":{"line":281,"column":11}},"loc":{"start":{"line":289,"column":7},"end":{"line":306,"column":3}},"line":289},"11":{"name":"(anonymous_11)","decl":{"start":{"line":317,"column":15},"end":{"line":317,"column":16}},"loc":{"start":{"line":317,"column":32},"end":{"line":325,"column":3}},"line":317},"12":{"name":"(anonymous_12)","decl":{"start":{"line":344,"column":24},"end":{"line":344,"column":25}},"loc":{"start":{"line":344,"column":54},"end":{"line":359,"column":3}},"line":344},"13":{"name":"(anonymous_13)","decl":{"start":{"line":370,"column":26},"end":{"line":370,"column":27}},"loc":{"start":{"line":370,"column":38},"end":{"line":378,"column":3}},"line":370},"14":{"name":"(anonymous_14)","decl":{"start":{"line":401,"column":10},"end":{"line":401,"column":11}},"loc":{"start":{"line":409,"column":7},"end":{"line":426,"column":3}},"line":409},"15":{"name":"(anonymous_15)","decl":{"start":{"line":438,"column":15},"end":{"line":438,"column":16}},"loc":{"start":{"line":438,"column":32},"end":{"line":445,"column":3}},"line":438},"16":{"name":"(anonymous_16)","decl":{"start":{"line":457,"column":17},"end":{"line":457,"column":18}},"loc":{"start":{"line":457,"column":36},"end":{"line":475,"column":3}},"line":457},"17":{"name":"(anonymous_17)","decl":{"start":{"line":486,"column":25},"end":{"line":486,"column":26}},"loc":{"start":{"line":486,"column":37},"end":{"line":495,"column":3}},"line":486},"18":{"name":"(anonymous_18)","decl":{"start":{"line":515,"column":10},"end":{"line":515,"column":11}},"loc":{"start":{"line":515,"column":87},"end":{"line":529,"column":3}},"line":515},"19":{"name":"(anonymous_19)","decl":{"start":{"line":540,"column":17},"end":{"line":540,"column":18}},"loc":{"start":{"line":540,"column":29},"end":{"line":547,"column":3}},"line":540},"20":{"name":"(anonymous_20)","decl":{"start":{"line":558,"column":14},"end":{"line":558,"column":15}},"loc":{"start":{"line":558,"column":36},"end":{"line":565,"column":3}},"line":558},"21":{"name":"(anonymous_21)","decl":{"start":{"line":585,"column":10},"end":{"line":585,"column":11}},"loc":{"start":{"line":585,"column":60},"end":{"line":594,"column":3}},"line":585},"22":{"name":"(anonymous_22)","decl":{"start":{"line":607,"column":16},"end":{"line":607,"column":17}},"loc":{"start":{"line":607,"column":43},"end":{"line":615,"column":3}},"line":607},"23":{"name":"(anonymous_23)","decl":{"start":{"line":626,"column":19},"end":{"line":626,"column":20}},"loc":{"start":{"line":626,"column":31},"end":{"line":635,"column":3}},"line":626},"24":{"name":"(anonymous_24)","decl":{"start":{"line":646,"column":15},"end":{"line":646,"column":16}},"loc":{"start":{"line":646,"column":32},"end":{"line":654,"column":3}},"line":646},"25":{"name":"(anonymous_25)","decl":{"start":{"line":665,"column":16},"end":{"line":665,"column":17}},"loc":{"start":{"line":665,"column":34},"end":{"line":674,"column":3}},"line":665}},"branchMap":{"0":{"loc":{"start":{"line":62,"column":11},"end":{"line":62,"column":33}},"type":"binary-expr","locations":[{"start":{"line":62,"column":11},"end":{"line":62,"column":25}},{"start":{"line":62,"column":29},"end":{"line":62,"column":33}}],"line":62},"1":{"loc":{"start":{"line":107,"column":6},"end":{"line":111,"column":7}},"type":"if","locations":[{"start":{"line":107,"column":6},"end":{"line":111,"column":7}},{"start":{},"end":{}}],"line":107},"2":{"loc":{"start":{"line":114,"column":4},"end":{"line":116,"column":5}},"type":"if","locations":[{"start":{"line":114,"column":4},"end":{"line":116,"column":5}},{"start":{},"end":{}}],"line":114},"3":{"loc":{"start":{"line":142,"column":11},"end":{"line":142,"column":33}},"type":"binary-expr","locations":[{"start":{"line":142,"column":11},"end":{"line":142,"column":25}},{"start":{"line":142,"column":29},"end":{"line":142,"column":33}}],"line":142},"4":{"loc":{"start":{"line":444,"column":11},"end":{"line":444,"column":33}},"type":"binary-expr","locations":[{"start":{"line":444,"column":11},"end":{"line":444,"column":25}},{"start":{"line":444,"column":29},"end":{"line":444,"column":33}}],"line":444},"5":{"loc":{"start":{"line":474,"column":11},"end":{"line":474,"column":33}},"type":"binary-expr","locations":[{"start":{"line":474,"column":11},"end":{"line":474,"column":25}},{"start":{"line":474,"column":29},"end":{"line":474,"column":33}}],"line":474},"6":{"loc":{"start":{"line":515,"column":57},"end":{"line":515,"column":82}},"type":"default-arg","locations":[{"start":{"line":515,"column":73},"end":{"line":515,"column":82}}],"line":515},"7":{"loc":{"start":{"line":564,"column":11},"end":{"line":564,"column":33}},"type":"binary-expr","locations":[{"start":{"line":564,"column":11},"end":{"line":564,"column":25}},{"start":{"line":564,"column":29},"end":{"line":564,"column":33}}],"line":564},"8":{"loc":{"start":{"line":614,"column":11},"end":{"line":614,"column":33}},"type":"binary-expr","locations":[{"start":{"line":614,"column":11},"end":{"line":614,"column":25}},{"start":{"line":614,"column":29},"end":{"line":614,"column":33}}],"line":614}},"s":{"0":1,"1":1,"2":11,"3":11,"4":11,"5":1,"6":1,"7":1,"8":0,"9":0,"10":0,"11":1,"12":1,"13":1,"14":1,"15":1,"16":1,"17":1,"18":1,"19":1,"20":1,"21":0,"22":1,"23":1,"24":1,"25":1,"26":0,"27":0,"28":0,"29":0,"30":0,"31":0,"32":1,"33":4,"34":4,"35":4,"36":0,"37":0,"38":0,"39":0,"40":0,"41":0,"42":1,"43":3,"44":3,"45":3,"46":0,"47":0,"48":0,"49":0,"50":0,"51":0,"52":0,"53":0,"54":0,"55":1,"56":2,"57":2,"58":2,"59":0,"60":0,"61":0,"62":0,"63":0,"64":0,"65":0,"66":0,"67":0,"68":1,"69":1,"70":1,"71":1,"72":1,"73":1,"74":1,"75":0,"76":0,"77":0,"78":1,"79":4,"80":4,"81":4,"82":1,"83":1,"84":1,"85":0,"86":0,"87":0,"88":0,"89":0,"90":0,"91":0,"92":0,"93":0,"94":1},"f":{"0":11,"1":1,"2":0,"3":1,"4":1,"5":0,"6":0,"7":4,"8":0,"9":0,"10":3,"11":0,"12":0,"13":0,"14":2,"15":0,"16":0,"17":0,"18":1,"19":1,"20":0,"21":4,"22":1,"23":0,"24":0,"25":0},"b":{"0":[1,0],"1":[1,0],"2":[0,1],"3":[0,0],"4":[0,0],"5":[0,0],"6":[0],"7":[0,0],"8":[1,0]},"_coverageSchema":"1a1c01bbd47fc00a2c39e90264f33305004495a9","hash":"e9fa7417af2f61f21ec0c5c7aa63b70cf6986cb9"}
,"C:\\Users\\celin\\Downloads\\cs48000_assignments\\src\\reporting.js": {"path":"C:\\Users\\celin\\Downloads\\cs48000_assignments\\src\\reporting.js","statementMap":{"0":{"start":{"line":14,"column":15},"end":{"line":14,"column":34}},"1":{"start":{"line":19,"column":25},"end":{"line":322,"column":1}},"2":{"start":{"line":42,"column":4},"end":{"line":70,"column":5}},"3":{"start":{"line":44,"column":20},"end":{"line":63,"column":7}},"4":{"start":{"line":65,"column":21},"end":{"line":65,"column":83}},"5":{"start":{"line":66,"column":6},"end":{"line":66,"column":25}},"6":{"start":{"line":68,"column":6},"end":{"line":68,"column":79}},"7":{"start":{"line":69,"column":6},"end":{"line":69,"column":18}},"8":{"start":{"line":97,"column":4},"end":{"line":122,"column":5}},"9":{"start":{"line":99,"column":20},"end":{"line":115,"column":7}},"10":{"start":{"line":117,"column":21},"end":{"line":117,"column":77}},"11":{"start":{"line":118,"column":6},"end":{"line":118,"column":25}},"12":{"start":{"line":120,"column":6},"end":{"line":120,"column":77}},"13":{"start":{"line":121,"column":6},"end":{"line":121,"column":18}},"14":{"start":{"line":146,"column":4},"end":{"line":222,"column":5}},"15":{"start":{"line":148,"column":20},"end":{"line":173,"column":7}},"16":{"start":{"line":175,"column":21},"end":{"line":175,"column":66}},"17":{"start":{"line":177,"column":6},"end":{"line":179,"column":7}},"18":{"start":{"line":178,"column":8},"end":{"line":178,"column":20}},"19":{"start":{"line":182,"column":18},"end":{"line":182,"column":32}},"20":{"start":{"line":185,"column":26},"end":{"line":185,"column":41}},"21":{"start":{"line":187,"column":6},"end":{"line":197,"column":7}},"22":{"start":{"line":188,"column":8},"end":{"line":188,"column":40}},"23":{"start":{"line":189,"column":13},"end":{"line":197,"column":7}},"24":{"start":{"line":190,"column":8},"end":{"line":190,"column":44}},"25":{"start":{"line":191,"column":13},"end":{"line":197,"column":7}},"26":{"start":{"line":192,"column":8},"end":{"line":192,"column":41}},"27":{"start":{"line":193,"column":13},"end":{"line":197,"column":7}},"28":{"start":{"line":194,"column":8},"end":{"line":194,"column":41}},"29":{"start":{"line":195,"column":13},"end":{"line":197,"column":7}},"30":{"start":{"line":196,"column":8},"end":{"line":196,"column":45}},"31":{"start":{"line":199,"column":6},"end":{"line":218,"column":8}},"32":{"start":{"line":220,"column":6},"end":{"line":220,"column":63}},"33":{"start":{"line":221,"column":6},"end":{"line":221,"column":18}},"34":{"start":{"line":242,"column":4},"end":{"line":288,"column":5}},"35":{"start":{"line":243,"column":66},"end":{"line":243,"column":73}},"36":{"start":{"line":245,"column":18},"end":{"line":262,"column":7}},"37":{"start":{"line":264,"column":21},"end":{"line":264,"column":23}},"38":{"start":{"line":265,"column":25},"end":{"line":265,"column":27}},"39":{"start":{"line":267,"column":6},"end":{"line":270,"column":7}},"40":{"start":{"line":268,"column":8},"end":{"line":268,"column":101}},"41":{"start":{"line":269,"column":8},"end":{"line":269,"column":40}},"42":{"start":{"line":272,"column":6},"end":{"line":275,"column":7}},"43":{"start":{"line":273,"column":8},"end":{"line":273,"column":73}},"44":{"start":{"line":274,"column":8},"end":{"line":274,"column":36}},"45":{"start":{"line":277,"column":6},"end":{"line":279,"column":7}},"46":{"start":{"line":278,"column":8},"end":{"line":278,"column":54}},"47":{"start":{"line":281,"column":6},"end":{"line":281,"column":65}},"48":{"start":{"line":283,"column":21},"end":{"line":283,"column":63}},"49":{"start":{"line":284,"column":6},"end":{"line":284,"column":25}},"50":{"start":{"line":286,"column":6},"end":{"line":286,"column":74}},"51":{"start":{"line":287,"column":6},"end":{"line":287,"column":18}},"52":{"start":{"line":302,"column":4},"end":{"line":320,"column":5}},"53":{"start":{"line":303,"column":20},"end":{"line":313,"column":7}},"54":{"start":{"line":315,"column":21},"end":{"line":315,"column":55}},"55":{"start":{"line":316,"column":6},"end":{"line":316,"column":25}},"56":{"start":{"line":318,"column":6},"end":{"line":318,"column":77}},"57":{"start":{"line":319,"column":6},"end":{"line":319,"column":18}},"58":{"start":{"line":324,"column":0},"end":{"line":324,"column":34}}},"fnMap":{"0":{"name":"(anonymous_0)","decl":{"start":{"line":41,"column":29},"end":{"line":41,"column":30}},"loc":{"start":{"line":41,"column":70},"end":{"line":71,"column":3}},"line":41},"1":{"name":"(anonymous_1)","decl":{"start":{"line":96,"column":21},"end":{"line":96,"column":22}},"loc":{"start":{"line":96,"column":51},"end":{"line":123,"column":3}},"line":96},"2":{"name":"(anonymous_2)","decl":{"start":{"line":145,"column":19},"end":{"line":145,"column":20}},"loc":{"start":{"line":145,"column":38},"end":{"line":223,"column":3}},"line":145},"3":{"name":"(anonymous_3)","decl":{"start":{"line":241,"column":24},"end":{"line":241,"column":25}},"loc":{"start":{"line":241,"column":48},"end":{"line":289,"column":3}},"line":241},"4":{"name":"(anonymous_4)","decl":{"start":{"line":301,"column":27},"end":{"line":301,"column":28}},"loc":{"start":{"line":301,"column":39},"end":{"line":321,"column":3}},"line":301}},"branchMap":{"0":{"loc":{"start":{"line":41,"column":56},"end":{"line":41,"column":65}},"type":"default-arg","locations":[{"start":{"line":41,"column":63},"end":{"line":41,"column":65}}],"line":41},"1":{"loc":{"start":{"line":177,"column":6},"end":{"line":179,"column":7}},"type":"if","locations":[{"start":{"line":177,"column":6},"end":{"line":179,"column":7}},{"start":{},"end":{}}],"line":177},"2":{"loc":{"start":{"line":187,"column":6},"end":{"line":197,"column":7}},"type":"if","locations":[{"start":{"line":187,"column":6},"end":{"line":197,"column":7}},{"start":{"line":189,"column":13},"end":{"line":197,"column":7}}],"line":187},"3":{"loc":{"start":{"line":189,"column":13},"end":{"line":197,"column":7}},"type":"if","locations":[{"start":{"line":189,"column":13},"end":{"line":197,"column":7}},{"start":{"line":191,"column":13},"end":{"line":197,"column":7}}],"line":189},"4":{"loc":{"start":{"line":191,"column":13},"end":{"line":197,"column":7}},"type":"if","locations":[{"start":{"line":191,"column":13},"end":{"line":197,"column":7}},{"start":{"line":193,"column":13},"end":{"line":197,"column":7}}],"line":191},"5":{"loc":{"start":{"line":193,"column":13},"end":{"line":197,"column":7}},"type":"if","locations":[{"start":{"line":193,"column":13},"end":{"line":197,"column":7}},{"start":{"line":195,"column":13},"end":{"line":197,"column":7}}],"line":193},"6":{"loc":{"start":{"line":195,"column":13},"end":{"line":197,"column":7}},"type":"if","locations":[{"start":{"line":195,"column":13},"end":{"line":197,"column":7}},{"start":{},"end":{}}],"line":195},"7":{"loc":{"start":{"line":241,"column":31},"end":{"line":241,"column":43}},"type":"default-arg","locations":[{"start":{"line":241,"column":41},"end":{"line":241,"column":43}}],"line":241},"8":{"loc":{"start":{"line":243,"column":50},"end":{"line":243,"column":61}},"type":"default-arg","locations":[{"start":{"line":243,"column":58},"end":{"line":243,"column":61}}],"line":243},"9":{"loc":{"start":{"line":267,"column":6},"end":{"line":270,"column":7}},"type":"if","locations":[{"start":{"line":267,"column":6},"end":{"line":270,"column":7}},{"start":{},"end":{}}],"line":267},"10":{"loc":{"start":{"line":267,"column":10},"end":{"line":267,"column":30}},"type":"binary-expr","locations":[{"start":{"line":267,"column":10},"end":{"line":267,"column":19}},{"start":{"line":267,"column":23},"end":{"line":267,"column":30}}],"line":267},"11":{"loc":{"start":{"line":272,"column":6},"end":{"line":275,"column":7}},"type":"if","locations":[{"start":{"line":272,"column":6},"end":{"line":275,"column":7}},{"start":{},"end":{}}],"line":272},"12":{"loc":{"start":{"line":277,"column":6},"end":{"line":279,"column":7}},"type":"if","locations":[{"start":{"line":277,"column":6},"end":{"line":279,"column":7}},{"start":{},"end":{}}],"line":277}},"s":{"0":1,"1":1,"2":1,"3":1,"4":1,"5":1,"6":0,"7":0,"8":1,"9":1,"10":1,"11":1,"12":0,"13":0,"14":1,"15":1,"16":1,"17":1,"18":0,"19":1,"20":1,"21":1,"22":0,"23":1,"24":0,"25":1,"26":0,"27":1,"28":1,"29":0,"30":0,"31":1,"32":0,"33":0,"34":0,"35":0,"36":0,"37":0,"38":0,"39":0,"40":0,"41":0,"42":0,"43":0,"44":0,"45":0,"46":0,"47":0,"48":0,"49":0,"50":0,"51":0,"52":0,"53":0,"54":0,"55":0,"56":0,"57":0,"58":1},"f":{"0":1,"1":1,"2":1,"3":0,"4":0},"b":{"0":[0],"1":[0,1],"2":[0,1],"3":[0,1],"4":[0,1],"5":[1,0],"6":[0,0],"7":[0],"8":[0],"9":[0,0],"10":[0,0],"11":[0,0],"12":[0,0]},"_coverageSchema":"1a1c01bbd47fc00a2c39e90264f33305004495a9","hash":"fecadde25cc7c7b071d0faa347f8e06a672e9ca2"}
,"C:\\Users\\celin\\Downloads\\cs48000_assignments\\src\\routes.js": {"path":"C:\\Users\\celin\\Downloads\\cs48000_assignments\\src\\routes.js","statementMap":{"0":{"start":{"line":14,"column":16},"end":{"line":14,"column":34}},"1":{"start":{"line":15,"column":33},"end":{"line":15,"column":59}},"2":{"start":{"line":16,"column":26},"end":{"line":16,"column":49}},"3":{"start":{"line":17,"column":25},"end":{"line":17,"column":47}},"4":{"start":{"line":18,"column":15},"end":{"line":18,"column":34}},"5":{"start":{"line":20,"column":15},"end":{"line":20,"column":31}},"6":{"start":{"line":29,"column":0},"end":{"line":35,"column":3}},"7":{"start":{"line":30,"column":2},"end":{"line":34,"column":5}},"8":{"start":{"line":58,"column":0},"end":{"line":77,"column":3}},"9":{"start":{"line":59,"column":2},"end":{"line":76,"column":3}},"10":{"start":{"line":60,"column":4},"end":{"line":60,"column":46}},"11":{"start":{"line":63,"column":29},"end":{"line":63,"column":71}},"12":{"start":{"line":66,"column":30},"end":{"line":66,"column":73}},"13":{"start":{"line":68,"column":4},"end":{"line":73,"column":7}},"14":{"start":{"line":75,"column":4},"end":{"line":75,"column":16}},"15":{"start":{"line":85,"column":0},"end":{"line":96,"column":3}},"16":{"start":{"line":86,"column":2},"end":{"line":95,"column":3}},"17":{"start":{"line":87,"column":25},"end":{"line":87,"column":68}},"18":{"start":{"line":89,"column":4},"end":{"line":92,"column":7}},"19":{"start":{"line":94,"column":4},"end":{"line":94,"column":16}},"20":{"start":{"line":121,"column":0},"end":{"line":147,"column":3}},"21":{"start":{"line":122,"column":2},"end":{"line":146,"column":3}},"22":{"start":{"line":123,"column":46},"end":{"line":123,"column":55}},"23":{"start":{"line":125,"column":4},"end":{"line":129,"column":5}},"24":{"start":{"line":126,"column":6},"end":{"line":128,"column":9}},"25":{"start":{"line":131,"column":19},"end":{"line":135,"column":5}},"26":{"start":{"line":137,"column":4},"end":{"line":143,"column":7}},"27":{"start":{"line":145,"column":4},"end":{"line":145,"column":16}},"28":{"start":{"line":166,"column":0},"end":{"line":188,"column":3}},"29":{"start":{"line":167,"column":2},"end":{"line":187,"column":3}},"30":{"start":{"line":168,"column":35},"end":{"line":168,"column":44}},"31":{"start":{"line":170,"column":4},"end":{"line":174,"column":5}},"32":{"start":{"line":171,"column":6},"end":{"line":173,"column":9}},"33":{"start":{"line":176,"column":19},"end":{"line":176,"column":79}},"34":{"start":{"line":178,"column":4},"end":{"line":184,"column":7}},"35":{"start":{"line":186,"column":4},"end":{"line":186,"column":16}},"36":{"start":{"line":203,"column":0},"end":{"line":224,"column":3}},"37":{"start":{"line":204,"column":2},"end":{"line":223,"column":3}},"38":{"start":{"line":205,"column":20},"end":{"line":210,"column":5}},"39":{"start":{"line":212,"column":17},"end":{"line":212,"column":69}},"40":{"start":{"line":214,"column":4},"end":{"line":220,"column":7}},"41":{"start":{"line":222,"column":4},"end":{"line":222,"column":16}},"42":{"start":{"line":252,"column":0},"end":{"line":279,"column":3}},"43":{"start":{"line":253,"column":2},"end":{"line":278,"column":3}},"44":{"start":{"line":254,"column":24},"end":{"line":254,"column":34}},"45":{"start":{"line":256,"column":4},"end":{"line":260,"column":5}},"46":{"start":{"line":257,"column":6},"end":{"line":259,"column":9}},"47":{"start":{"line":262,"column":16},"end":{"line":262,"column":63}},"48":{"start":{"line":264,"column":4},"end":{"line":269,"column":5}},"49":{"start":{"line":265,"column":6},"end":{"line":268,"column":9}},"50":{"start":{"line":271,"column":4},"end":{"line":275,"column":7}},"51":{"start":{"line":277,"column":4},"end":{"line":277,"column":16}},"52":{"start":{"line":298,"column":0},"end":{"line":313,"column":3}},"53":{"start":{"line":299,"column":2},"end":{"line":312,"column":3}},"54":{"start":{"line":300,"column":18},"end":{"line":300,"column":66}},"55":{"start":{"line":301,"column":20},"end":{"line":301,"column":68}},"56":{"start":{"line":303,"column":4},"end":{"line":309,"column":7}},"57":{"start":{"line":311,"column":4},"end":{"line":311,"column":16}},"58":{"start":{"line":323,"column":0},"end":{"line":335,"column":3}},"59":{"start":{"line":324,"column":2},"end":{"line":334,"column":3}},"60":{"start":{"line":325,"column":20},"end":{"line":325,"column":68}},"61":{"start":{"line":327,"column":4},"end":{"line":331,"column":7}},"62":{"start":{"line":333,"column":4},"end":{"line":333,"column":16}},"63":{"start":{"line":344,"column":0},"end":{"line":360,"column":3}},"64":{"start":{"line":345,"column":2},"end":{"line":359,"column":3}},"65":{"start":{"line":346,"column":4},"end":{"line":346,"column":47}},"66":{"start":{"line":348,"column":20},"end":{"line":348,"column":63}},"67":{"start":{"line":349,"column":20},"end":{"line":349,"column":68}},"68":{"start":{"line":351,"column":4},"end":{"line":356,"column":7}},"69":{"start":{"line":358,"column":4},"end":{"line":358,"column":16}},"70":{"start":{"line":366,"column":0},"end":{"line":377,"column":3}},"71":{"start":{"line":367,"column":2},"end":{"line":367,"column":39}},"72":{"start":{"line":369,"column":17},"end":{"line":369,"column":36}},"73":{"start":{"line":370,"column":18},"end":{"line":370,"column":58}},"74":{"start":{"line":372,"column":2},"end":{"line":376,"column":5}},"75":{"start":{"line":379,"column":0},"end":{"line":379,"column":24}}},"fnMap":{"0":{"name":"(anonymous_0)","decl":{"start":{"line":29,"column":22},"end":{"line":29,"column":23}},"loc":{"start":{"line":29,"column":36},"end":{"line":35,"column":1}},"line":29},"1":{"name":"(anonymous_1)","decl":{"start":{"line":58,"column":27},"end":{"line":58,"column":28}},"loc":{"start":{"line":58,"column":53},"end":{"line":77,"column":1}},"line":58},"2":{"name":"(anonymous_2)","decl":{"start":{"line":85,"column":33},"end":{"line":85,"column":34}},"loc":{"start":{"line":85,"column":59},"end":{"line":96,"column":1}},"line":85},"3":{"name":"(anonymous_3)","decl":{"start":{"line":121,"column":45},"end":{"line":121,"column":46}},"loc":{"start":{"line":121,"column":71},"end":{"line":147,"column":1}},"line":121},"4":{"name":"(anonymous_4)","decl":{"start":{"line":166,"column":43},"end":{"line":166,"column":44}},"loc":{"start":{"line":166,"column":69},"end":{"line":188,"column":1}},"line":166},"5":{"name":"(anonymous_5)","decl":{"start":{"line":203,"column":43},"end":{"line":203,"column":44}},"loc":{"start":{"line":203,"column":69},"end":{"line":224,"column":1}},"line":203},"6":{"name":"(anonymous_6)","decl":{"start":{"line":252,"column":39},"end":{"line":252,"column":40}},"loc":{"start":{"line":252,"column":65},"end":{"line":279,"column":1}},"line":252},"7":{"name":"(anonymous_7)","decl":{"start":{"line":298,"column":35},"end":{"line":298,"column":36}},"loc":{"start":{"line":298,"column":61},"end":{"line":313,"column":1}},"line":298},"8":{"name":"(anonymous_8)","decl":{"start":{"line":323,"column":37},"end":{"line":323,"column":38}},"loc":{"start":{"line":323,"column":63},"end":{"line":335,"column":1}},"line":323},"9":{"name":"(anonymous_9)","decl":{"start":{"line":344,"column":35},"end":{"line":344,"column":36}},"loc":{"start":{"line":344,"column":61},"end":{"line":360,"column":1}},"line":344},"10":{"name":"(anonymous_10)","decl":{"start":{"line":366,"column":11},"end":{"line":366,"column":12}},"loc":{"start":{"line":366,"column":38},"end":{"line":377,"column":1}},"line":366}},"branchMap":{"0":{"loc":{"start":{"line":123,"column":32},"end":{"line":123,"column":41}},"type":"default-arg","locations":[{"start":{"line":123,"column":39},"end":{"line":123,"column":41}}],"line":123},"1":{"loc":{"start":{"line":125,"column":4},"end":{"line":129,"column":5}},"type":"if","locations":[{"start":{"line":125,"column":4},"end":{"line":129,"column":5}},{"start":{},"end":{}}],"line":125},"2":{"loc":{"start":{"line":125,"column":8},"end":{"line":125,"column":30}},"type":"binary-expr","locations":[{"start":{"line":125,"column":8},"end":{"line":125,"column":18}},{"start":{"line":125,"column":22},"end":{"line":125,"column":30}}],"line":125},"3":{"loc":{"start":{"line":170,"column":4},"end":{"line":174,"column":5}},"type":"if","locations":[{"start":{"line":170,"column":4},"end":{"line":174,"column":5}},{"start":{},"end":{}}],"line":170},"4":{"loc":{"start":{"line":170,"column":8},"end":{"line":170,"column":30}},"type":"binary-expr","locations":[{"start":{"line":170,"column":8},"end":{"line":170,"column":18}},{"start":{"line":170,"column":22},"end":{"line":170,"column":30}}],"line":170},"5":{"loc":{"start":{"line":209,"column":22},"end":{"line":209,"column":46}},"type":"binary-expr","locations":[{"start":{"line":209,"column":22},"end":{"line":209,"column":37}},{"start":{"line":209,"column":41},"end":{"line":209,"column":46}}],"line":209},"6":{"loc":{"start":{"line":256,"column":4},"end":{"line":260,"column":5}},"type":"if","locations":[{"start":{"line":256,"column":4},"end":{"line":260,"column":5}},{"start":{},"end":{}}],"line":256},"7":{"loc":{"start":{"line":256,"column":8},"end":{"line":256,"column":41}},"type":"binary-expr","locations":[{"start":{"line":256,"column":8},"end":{"line":256,"column":16}},{"start":{"line":256,"column":20},"end":{"line":256,"column":41}}],"line":256},"8":{"loc":{"start":{"line":264,"column":4},"end":{"line":269,"column":5}},"type":"if","locations":[{"start":{"line":264,"column":4},"end":{"line":269,"column":5}},{"start":{},"end":{}}],"line":264},"9":{"loc":{"start":{"line":369,"column":17},"end":{"line":369,"column":36}},"type":"binary-expr","locations":[{"start":{"line":369,"column":17},"end":{"line":369,"column":29}},{"start":{"line":369,"column":33},"end":{"line":369,"column":36}}],"line":369},"10":{"loc":{"start":{"line":370,"column":18},"end":{"line":370,"column":58}},"type":"binary-expr","locations":[{"start":{"line":370,"column":18},"end":{"line":370,"column":31}},{"start":{"line":370,"column":35},"end":{"line":370,"column":58}}],"line":370}},"s":{"0":1,"1":1,"2":1,"3":1,"4":1,"5":1,"6":1,"7":1,"8":1,"9":0,"10":0,"11":0,"12":0,"13":0,"14":0,"15":1,"16":0,"17":0,"18":0,"19":0,"20":1,"21":0,"22":0,"23":0,"24":0,"25":0,"26":0,"27":0,"28":1,"29":0,"30":0,"31":0,"32":0,"33":0,"34":0,"35":0,"36":1,"37":0,"38":0,"39":0,"40":0,"41":0,"42":1,"43":0,"44":0,"45":0,"46":0,"47":0,"48":0,"49":0,"50":0,"51":0,"52":1,"53":0,"54":0,"55":0,"56":0,"57":0,"58":1,"59":0,"60":0,"61":0,"62":0,"63":1,"64":0,"65":0,"66":0,"67":0,"68":0,"69":0,"70":1,"71":0,"72":0,"73":0,"74":0,"75":1},"f":{"0":1,"1":0,"2":0,"3":0,"4":0,"5":0,"6":0,"7":0,"8":0,"9":0,"10":0},"b":{"0":[0],"1":[0,0],"2":[0,0],"3":[0,0],"4":[0,0],"5":[0,0],"6":[0,0],"7":[0,0],"8":[0,0],"9":[0,0],"10":[0,0]},"_coverageSchema":"1a1c01bbd47fc00a2c39e90264f33305004495a9","hash":"c88cb8b839ebb3ca845fd167a4f2b9729cf3f63a"}
,"C:\\Users\\celin\\Downloads\\cs48000_assignments\\src\\validation.js": {"path":"C:\\Users\\celin\\Downloads\\cs48000_assignments\\src\\validation.js","statementMap":{"0":{"start":{"line":17,"column":15},"end":{"line":17,"column":34}},"1":{"start":{"line":23,"column":26},"end":{"line":302,"column":1}},"2":{"start":{"line":37,"column":4},"end":{"line":37,"column":53}},"3":{"start":{"line":39,"column":19},"end":{"line":44,"column":5}},"4":{"start":{"line":46,"column":4},"end":{"line":85,"column":5}},"5":{"start":{"line":48,"column":33},"end":{"line":48,"column":94}},"6":{"start":{"line":50,"column":6},"end":{"line":78,"column":7}},"7":{"start":{"line":51,"column":8},"end":{"line":77,"column":9}},"8":{"start":{"line":53,"column":31},"end":{"line":56,"column":11}},"9":{"start":{"line":58,"column":10},"end":{"line":69,"column":11}},"10":{"start":{"line":60,"column":12},"end":{"line":65,"column":14}},"11":{"start":{"line":66,"column":12},"end":{"line":66,"column":37}},"12":{"start":{"line":68,"column":12},"end":{"line":68,"column":37}},"13":{"start":{"line":72,"column":10},"end":{"line":74,"column":13}},"14":{"start":{"line":76,"column":10},"end":{"line":76,"column":87}},"15":{"start":{"line":80,"column":6},"end":{"line":80,"column":100}},"16":{"start":{"line":81,"column":6},"end":{"line":81,"column":20}},"17":{"start":{"line":83,"column":6},"end":{"line":83,"column":84}},"18":{"start":{"line":84,"column":6},"end":{"line":84,"column":20}},"19":{"start":{"line":101,"column":4},"end":{"line":101,"column":52}},"20":{"start":{"line":103,"column":19},"end":{"line":108,"column":5}},"21":{"start":{"line":110,"column":4},"end":{"line":149,"column":5}},"22":{"start":{"line":112,"column":32},"end":{"line":112,"column":83}},"23":{"start":{"line":114,"column":6},"end":{"line":142,"column":7}},"24":{"start":{"line":115,"column":8},"end":{"line":141,"column":9}},"25":{"start":{"line":117,"column":31},"end":{"line":120,"column":11}},"26":{"start":{"line":122,"column":10},"end":{"line":133,"column":11}},"27":{"start":{"line":124,"column":12},"end":{"line":129,"column":14}},"28":{"start":{"line":130,"column":12},"end":{"line":130,"column":37}},"29":{"start":{"line":132,"column":12},"end":{"line":132,"column":37}},"30":{"start":{"line":136,"column":10},"end":{"line":138,"column":13}},"31":{"start":{"line":140,"column":10},"end":{"line":140,"column":105}},"32":{"start":{"line":144,"column":6},"end":{"line":144,"column":99}},"33":{"start":{"line":145,"column":6},"end":{"line":145,"column":20}},"34":{"start":{"line":147,"column":6},"end":{"line":147,"column":83}},"35":{"start":{"line":148,"column":6},"end":{"line":148,"column":20}},"36":{"start":{"line":170,"column":4},"end":{"line":170,"column":44}},"37":{"start":{"line":172,"column":19},"end":{"line":177,"column":5}},"38":{"start":{"line":179,"column":4},"end":{"line":231,"column":5}},"39":{"start":{"line":181,"column":20},"end":{"line":191,"column":7}},"40":{"start":{"line":193,"column":23},"end":{"line":193,"column":57}},"41":{"start":{"line":194,"column":28},"end":{"line":194,"column":41}},"42":{"start":{"line":196,"column":6},"end":{"line":224,"column":7}},"43":{"start":{"line":197,"column":8},"end":{"line":223,"column":9}},"44":{"start":{"line":199,"column":31},"end":{"line":202,"column":11}},"45":{"start":{"line":204,"column":10},"end":{"line":215,"column":11}},"46":{"start":{"line":206,"column":12},"end":{"line":211,"column":14}},"47":{"start":{"line":212,"column":12},"end":{"line":212,"column":37}},"48":{"start":{"line":214,"column":12},"end":{"line":214,"column":37}},"49":{"start":{"line":218,"column":10},"end":{"line":220,"column":13}},"50":{"start":{"line":222,"column":10},"end":{"line":222,"column":108}},"51":{"start":{"line":226,"column":6},"end":{"line":226,"column":93}},"52":{"start":{"line":227,"column":6},"end":{"line":227,"column":20}},"53":{"start":{"line":229,"column":6},"end":{"line":229,"column":75}},"54":{"start":{"line":230,"column":6},"end":{"line":230,"column":20}},"55":{"start":{"line":244,"column":4},"end":{"line":244,"column":61}},"56":{"start":{"line":246,"column":20},"end":{"line":246,"column":22}},"57":{"start":{"line":248,"column":4},"end":{"line":248,"column":71}},"58":{"start":{"line":249,"column":4},"end":{"line":249,"column":70}},"59":{"start":{"line":250,"column":4},"end":{"line":250,"column":62}},"60":{"start":{"line":253,"column":30},"end":{"line":253,"column":81}},"61":{"start":{"line":253,"column":57},"end":{"line":253,"column":77}},"62":{"start":{"line":254,"column":4},"end":{"line":254,"column":87}},"63":{"start":{"line":256,"column":4},"end":{"line":256,"column":19}},"64":{"start":{"line":273,"column":4},"end":{"line":273,"column":45}},"65":{"start":{"line":275,"column":4},"end":{"line":300,"column":5}},"66":{"start":{"line":276,"column":22},"end":{"line":276,"column":69}},"67":{"start":{"line":277,"column":18},"end":{"line":277,"column":28}},"68":{"start":{"line":278,"column":31},"end":{"line":278,"column":67}},"69":{"start":{"line":280,"column":27},"end":{"line":293,"column":8}},"70":{"start":{"line":281,"column":28},"end":{"line":281,"column":67}},"71":{"start":{"line":282,"column":32},"end":{"line":282,"column":49}},"72":{"start":{"line":283,"column":24},"end":{"line":283,"column":58}},"73":{"start":{"line":285,"column":8},"end":{"line":292,"column":10}},"74":{"start":{"line":295,"column":6},"end":{"line":295,"column":51}},"75":{"start":{"line":296,"column":6},"end":{"line":296,"column":26}},"76":{"start":{"line":298,"column":6},"end":{"line":298,"column":66}},"77":{"start":{"line":299,"column":6},"end":{"line":299,"column":16}},"78":{"start":{"line":304,"column":0},"end":{"line":304,"column":35}}},"fnMap":{"0":{"name":"(anonymous_0)","decl":{"start":{"line":36,"column":30},"end":{"line":36,"column":31}},"loc":{"start":{"line":36,"column":42},"end":{"line":86,"column":3}},"line":36},"1":{"name":"(anonymous_1)","decl":{"start":{"line":100,"column":29},"end":{"line":100,"column":30}},"loc":{"start":{"line":100,"column":41},"end":{"line":150,"column":3}},"line":100},"2":{"name":"(anonymous_2)","decl":{"start":{"line":169,"column":21},"end":{"line":169,"column":22}},"loc":{"start":{"line":169,"column":33},"end":{"line":232,"column":3}},"line":169},"3":{"name":"(anonymous_3)","decl":{"start":{"line":243,"column":21},"end":{"line":243,"column":22}},"loc":{"start":{"line":243,"column":33},"end":{"line":257,"column":3}},"line":243},"4":{"name":"(anonymous_4)","decl":{"start":{"line":253,"column":45},"end":{"line":253,"column":46}},"loc":{"start":{"line":253,"column":57},"end":{"line":253,"column":77}},"line":253},"5":{"name":"(anonymous_5)","decl":{"start":{"line":272,"column":21},"end":{"line":272,"column":22}},"loc":{"start":{"line":272,"column":57},"end":{"line":301,"column":3}},"line":272},"6":{"name":"(anonymous_6)","decl":{"start":{"line":280,"column":39},"end":{"line":280,"column":40}},"loc":{"start":{"line":280,"column":51},"end":{"line":293,"column":7}},"line":280}},"branchMap":{"0":{"loc":{"start":{"line":58,"column":10},"end":{"line":69,"column":11}},"type":"if","locations":[{"start":{"line":58,"column":10},"end":{"line":69,"column":11}},{"start":{"line":67,"column":17},"end":{"line":69,"column":11}}],"line":58},"1":{"loc":{"start":{"line":122,"column":10},"end":{"line":133,"column":11}},"type":"if","locations":[{"start":{"line":122,"column":10},"end":{"line":133,"column":11}},{"start":{"line":131,"column":17},"end":{"line":133,"column":11}}],"line":122},"2":{"loc":{"start":{"line":204,"column":10},"end":{"line":215,"column":11}},"type":"if","locations":[{"start":{"line":204,"column":10},"end":{"line":215,"column":11}},{"start":{"line":213,"column":17},"end":{"line":215,"column":11}}],"line":204},"3":{"loc":{"start":{"line":272,"column":28},"end":{"line":272,"column":52}},"type":"default-arg","locations":[{"start":{"line":272,"column":50},"end":{"line":272,"column":52}}],"line":272},"4":{"loc":{"start":{"line":289,"column":25},"end":{"line":289,"column":66}},"type":"cond-expr","locations":[{"start":{"line":289,"column":35},"end":{"line":289,"column":42}},{"start":{"line":289,"column":45},"end":{"line":289,"column":66}}],"line":289}},"s":{"0":1,"1":1,"2":0,"3":0,"4":0,"5":0,"6":0,"7":0,"8":0,"9":0,"10":0,"11":0,"12":0,"13":0,"14":0,"15":0,"16":0,"17":0,"18":0,"19":0,"20":0,"21":0,"22":0,"23":0,"24":0,"25":0,"26":0,"27":0,"28":0,"29":0,"30":0,"31":0,"32":0,"33":0,"34":0,"35":0,"36":0,"37":0,"38":0,"39":0,"40":0,"41":0,"42":0,"43":0,"44":0,"45":0,"46":0,"47":0,"48":0,"49":0,"50":0,"51":0,"52":0,"53":0,"54":0,"55":0,"56":0,"57":0,"58":0,"59":0,"60":0,"61":0,"62":0,"63":0,"64":1,"65":1,"66":1,"67":1,"68":1,"69":1,"70":1,"71":1,"72":1,"73":1,"74":1,"75":1,"76":0,"77":0,"78":1},"f":{"0":0,"1":0,"2":0,"3":0,"4":0,"5":1,"6":1},"b":{"0":[0,0],"1":[0,0],"2":[0,0],"3":[0],"4":[0,1]},"_coverageSchema":"1a1c01bbd47fc00a2c39e90264f33305004495a9","hash":"8d3e422622ea436187682476074fbfa78b4cf433"}
}
