TN:
SF:src\app.js
FN:23,(anonymous_0)
FN:50,(anonymous_1)
FN:76,(anonymous_2)
FN:114,(anonymous_3)
FN:209,(anonymous_4)
FN:229,(anonymous_5)
FNF:6
FNH:5
FNDA:1,(anonymous_0)
FNDA:4,(anonymous_1)
FNDA:1,(anonymous_2)
FNDA:1,(anonymous_3)
FNDA:1,(anonymous_4)
FNDA:0,(anonymous_5)
DA:8,1
DA:9,1
DA:10,1
DA:11,1
DA:13,1
DA:23,1
DA:24,1
DA:33,1
DA:34,1
DA:41,1
DA:42,1
DA:50,1
DA:51,4
DA:52,4
DA:56,4
DA:70,1
DA:76,1
DA:77,1
DA:114,1
DA:115,1
DA:209,1
DA:210,1
DA:229,1
DA:230,0
DA:237,0
DA:238,0
DA:240,0
DA:248,1
DA:251,1
LF:29
LH:25
BRDA:237,0,0,0
BRDA:237,0,1,0
BRDA:237,0,2,0
BRDA:238,1,0,0
BRDA:238,1,1,0
BRDA:244,2,0,0
BRDA:244,2,1,0
BRF:7
BRH:0
end_of_record
TN:
SF:src\config.js
FN:68,(anonymous_0)
FN:77,(anonymous_1)
FNF:2
FNH:0
FNDA:0,(anonymous_0)
FNDA:0,(anonymous_1)
DA:12,1
DA:18,1
DA:30,1
DA:41,1
DA:52,1
DA:60,1
DA:68,1
DA:69,0
DA:77,0
DA:79,0
DA:80,0
DA:88,1
DA:89,0
DA:90,0
DA:92,0
DA:93,0
DA:97,1
LF:17
LH:9
BRDA:19,0,0,1
BRDA:19,0,1,0
BRDA:20,1,0,1
BRDA:20,1,1,0
BRDA:21,2,0,1
BRDA:21,2,1,0
BRDA:22,3,0,1
BRDA:22,3,1,0
BRDA:23,4,0,1
BRDA:23,4,1,0
BRDA:31,5,0,1
BRDA:31,5,1,0
BRDA:32,6,0,1
BRDA:32,6,1,0
BRDA:33,7,0,1
BRDA:33,7,1,0
BRDA:34,8,0,1
BRDA:34,8,1,0
BRDA:42,9,0,1
BRDA:42,9,1,0
BRDA:43,10,0,1
BRDA:43,10,1,0
BRDA:44,11,0,1
BRDA:44,11,1,0
BRDA:53,12,0,1
BRDA:53,12,1,0
BRDA:61,13,0,1
BRDA:61,13,1,0
BRDA:79,14,0,0
BRDA:79,14,1,0
BRDA:88,15,0,0
BRDA:88,15,1,1
BRF:32
BRH:15
end_of_record
TN:
SF:src\dataIngestion.js
FN:41,(anonymous_0)
FN:54,(anonymous_1)
FN:74,(anonymous_2)
FN:121,(anonymous_3)
FN:138,(anonymous_4)
FN:164,(anonymous_5)
FN:190,(anonymous_6)
FN:218,(anonymous_7)
FN:241,(anonymous_8)
FN:253,(anonymous_9)
FN:300,(anonymous_10)
FN:393,(anonymous_11)
FN:487,(anonymous_12)
FN:576,(anonymous_13)
FNF:14
FNH:6
FNDA:4,(anonymous_0)
FNDA:3,(anonymous_1)
FNDA:3,(anonymous_2)
FNDA:2,(anonymous_3)
FNDA:4,(anonymous_4)
FNDA:4,(anonymous_5)
FNDA:0,(anonymous_6)
FNDA:0,(anonymous_7)
FNDA:0,(anonymous_8)
FNDA:0,(anonymous_9)
FNDA:0,(anonymous_10)
FNDA:0,(anonymous_11)
FNDA:0,(anonymous_12)
FNDA:0,(anonymous_13)
DA:18,1
DA:19,1
DA:20,1
DA:21,1
DA:22,1
DA:23,1
DA:24,1
DA:34,1
DA:42,4
DA:55,3
DA:57,3
DA:75,3
DA:78,3
DA:79,1
DA:82,2
DA:83,0
DA:86,2
DA:89,2
DA:90,1
DA:94,1
DA:95,1
DA:96,1
DA:100,0
DA:101,0
DA:103,0
DA:104,0
DA:105,0
DA:109,0
DA:122,2
DA:124,2
DA:139,4
DA:140,4
DA:142,4
DA:144,4
DA:145,2
DA:147,2
DA:148,2
DA:151,0
DA:165,4
DA:167,4
DA:168,4
DA:176,1
DA:191,0
DA:192,0
DA:195,0
DA:199,0
DA:201,0
DA:219,0
DA:220,0
DA:221,0
DA:224,0
DA:225,0
DA:227,0
DA:242,0
DA:244,0
DA:245,0
DA:246,0
DA:250,0
DA:253,0
DA:254,0
DA:257,0
DA:258,0
DA:259,0
DA:263,0
DA:264,0
DA:265,0
DA:268,0
DA:269,0
DA:271,0
DA:274,0
DA:275,0
DA:284,1
DA:301,0
DA:303,0
DA:311,0
DA:313,0
DA:314,0
DA:316,0
DA:317,0
DA:318,0
DA:322,0
DA:323,0
DA:325,0
DA:326,0
DA:328,0
DA:329,0
DA:330,0
DA:334,0
DA:337,0
DA:338,0
DA:339,0
DA:340,0
DA:341,0
DA:344,0
DA:347,0
DA:358,0
DA:360,0
DA:365,0
DA:372,0
DA:373,0
DA:375,0
DA:377,0
DA:378,0
DA:379,0
DA:394,0
DA:396,0
DA:404,0
DA:405,0
DA:406,0
DA:408,0
DA:409,0
DA:410,0
DA:413,0
DA:414,0
DA:416,0
DA:417,0
DA:419,0
DA:420,0
DA:421,0
DA:425,0
DA:428,0
DA:429,0
DA:433,0
DA:434,0
DA:435,0
DA:436,0
DA:439,0
DA:450,0
DA:454,0
DA:456,0
DA:461,0
DA:468,0
DA:469,0
DA:471,0
DA:473,0
DA:474,0
DA:475,0
DA:488,0
DA:490,0
DA:498,0
DA:499,0
DA:500,0
DA:502,0
DA:503,0
DA:504,0
DA:507,0
DA:508,0
DA:510,0
DA:511,0
DA:513,0
DA:514,0
DA:515,0
DA:519,0
DA:521,0
DA:522,0
DA:526,0
DA:527,0
DA:528,0
DA:529,0
DA:532,0
DA:542,0
DA:544,0
DA:549,0
DA:556,0
DA:557,0
DA:559,0
DA:561,0
DA:562,0
DA:563,0
DA:577,0
DA:579,0
DA:581,0
DA:582,0
DA:583,0
DA:585,0
DA:586,0
DA:590,1
LF:177
LH:36
BRDA:42,0,0,4
BRDA:42,0,1,0
BRDA:55,1,0,0
BRDA:55,1,1,3
BRDA:57,2,0,3
BRDA:57,2,1,0
BRDA:75,3,0,0
BRDA:75,3,1,3
BRDA:78,4,0,1
BRDA:78,4,1,2
BRDA:82,5,0,0
BRDA:82,5,1,2
BRDA:89,6,0,1
BRDA:89,6,1,1
BRDA:94,7,0,1
BRDA:94,7,1,0
BRDA:100,8,0,0
BRDA:100,8,1,0
BRDA:104,9,0,0
BRDA:104,9,1,0
BRDA:124,10,0,2
BRDA:124,10,1,0
BRDA:138,11,0,4
BRDA:139,12,0,0
BRDA:139,12,1,4
BRDA:140,13,0,0
BRDA:140,13,1,4
BRDA:144,14,0,2
BRDA:144,14,1,2
BRDA:147,15,0,2
BRDA:147,15,1,0
BRDA:164,16,0,2
BRDA:165,17,0,0
BRDA:165,17,1,4
BRDA:168,18,0,2
BRDA:168,18,1,2
BRDA:244,19,0,0
BRDA:244,19,1,0
BRDA:254,20,0,0
BRDA:254,20,1,0
BRDA:254,20,2,0
BRDA:257,21,0,0
BRDA:257,21,1,0
BRDA:268,22,0,0
BRDA:268,22,1,0
BRDA:316,23,0,0
BRDA:316,23,1,0
BRDA:325,24,0,0
BRDA:325,24,1,0
BRDA:325,24,2,0
BRDA:326,25,0,0
BRDA:326,25,1,0
BRDA:326,25,2,0
BRDA:328,26,0,0
BRDA:328,26,1,0
BRDA:328,27,0,0
BRDA:328,27,1,0
BRDA:337,28,0,0
BRDA:337,28,1,0
BRDA:337,28,2,0
BRDA:338,29,0,0
BRDA:338,29,1,0
BRDA:339,30,0,0
BRDA:339,30,1,0
BRDA:339,30,2,0
BRDA:340,31,0,0
BRDA:340,31,1,0
BRDA:340,31,2,0
BRDA:341,32,0,0
BRDA:341,32,1,0
BRDA:341,32,2,0
BRDA:344,33,0,0
BRDA:344,33,1,0
BRDA:344,33,2,0
BRDA:369,34,0,0
BRDA:369,34,1,0
BRDA:408,35,0,0
BRDA:408,35,1,0
BRDA:416,36,0,0
BRDA:416,36,1,0
BRDA:416,36,2,0
BRDA:417,37,0,0
BRDA:417,37,1,0
BRDA:417,37,2,0
BRDA:419,38,0,0
BRDA:419,38,1,0
BRDA:419,39,0,0
BRDA:419,39,1,0
BRDA:428,40,0,0
BRDA:428,40,1,0
BRDA:433,41,0,0
BRDA:433,41,1,0
BRDA:433,41,2,0
BRDA:434,42,0,0
BRDA:434,42,1,0
BRDA:434,42,2,0
BRDA:435,43,0,0
BRDA:435,43,1,0
BRDA:435,43,2,0
BRDA:436,44,0,0
BRDA:436,44,1,0
BRDA:436,44,2,0
BRDA:502,45,0,0
BRDA:502,45,1,0
BRDA:510,46,0,0
BRDA:510,46,1,0
BRDA:510,46,2,0
BRDA:511,47,0,0
BRDA:511,47,1,0
BRDA:511,47,2,0
BRDA:513,48,0,0
BRDA:513,48,1,0
BRDA:513,49,0,0
BRDA:513,49,1,0
BRDA:521,50,0,0
BRDA:521,50,1,0
BRDA:526,51,0,0
BRDA:526,51,1,0
BRDA:526,51,2,0
BRDA:527,52,0,0
BRDA:527,52,1,0
BRDA:528,53,0,0
BRDA:528,53,1,0
BRDA:528,53,2,0
BRDA:529,54,0,0
BRDA:529,54,1,0
BRF:126
BRH:21
end_of_record
TN:
SF:src\db.js
FN:33,(anonymous_0)
FN:55,(anonymous_1)
FN:88,(anonymous_2)
FN:115,(anonymous_3)
FNF:4
FNH:2
FNDA:0,(anonymous_0)
FNDA:32,(anonymous_1)
FNDA:0,(anonymous_2)
FNDA:1,(anonymous_3)
DA:16,1
DA:17,1
DA:21,1
DA:33,1
DA:34,0
DA:55,1
DA:56,32
DA:57,32
DA:58,32
DA:60,0
DA:61,0
DA:88,1
DA:89,0
DA:90,0
DA:91,0
DA:92,0
DA:93,0
DA:94,0
DA:96,0
DA:97,0
DA:100,0
DA:115,1
DA:116,1
DA:117,1
DA:118,1
DA:120,0
DA:124,1
LF:27
LH:14
BRDA:55,0,0,1
BRF:1
BRH:1
end_of_record
TN:
SF:src\models.js
FN:34,(anonymous_0)
FN:56,(anonymous_1)
FN:74,(anonymous_2)
FN:95,(anonymous_3)
FN:106,(anonymous_4)
FN:139,(anonymous_5)
FN:156,(anonymous_6)
FN:188,(anonymous_7)
FN:226,(anonymous_8)
FN:248,(anonymous_9)
FN:281,(anonymous_10)
FN:317,(anonymous_11)
FN:344,(anonymous_12)
FN:370,(anonymous_13)
FN:401,(anonymous_14)
FN:438,(anonymous_15)
FN:457,(anonymous_16)
FN:486,(anonymous_17)
FN:515,(anonymous_18)
FN:540,(anonymous_19)
FN:558,(anonymous_20)
FN:585,(anonymous_21)
FN:607,(anonymous_22)
FN:626,(anonymous_23)
FN:646,(anonymous_24)
FN:665,(anonymous_25)
FNF:26
FNH:11
FNDA:11,(anonymous_0)
FNDA:1,(anonymous_1)
FNDA:0,(anonymous_2)
FNDA:1,(anonymous_3)
FNDA:1,(anonymous_4)
FNDA:0,(anonymous_5)
FNDA:0,(anonymous_6)
FNDA:4,(anonymous_7)
FNDA:0,(anonymous_8)
FNDA:0,(anonymous_9)
FNDA:3,(anonymous_10)
FNDA:0,(anonymous_11)
FNDA:0,(anonymous_12)
FNDA:0,(anonymous_13)
FNDA:2,(anonymous_14)
FNDA:0,(anonymous_15)
FNDA:0,(anonymous_16)
FNDA:0,(anonymous_17)
FNDA:1,(anonymous_18)
FNDA:1,(anonymous_19)
FNDA:0,(anonymous_20)
FNDA:4,(anonymous_21)
FNDA:1,(anonymous_22)
FNDA:0,(anonymous_23)
FNDA:0,(anonymous_24)
FNDA:0,(anonymous_25)
DA:17,1
DA:23,1
DA:35,11
DA:42,11
DA:43,11
DA:57,1
DA:61,1
DA:62,1
DA:75,0
DA:81,0
DA:82,0
DA:96,1
DA:102,1
DA:103,1
DA:104,1
DA:106,1
DA:107,1
DA:108,1
DA:109,1
DA:110,1
DA:114,1
DA:115,0
DA:118,1
DA:119,1
DA:126,1
DA:127,1
DA:140,0
DA:141,0
DA:142,0
DA:157,0
DA:162,0
DA:163,0
DA:171,1
DA:198,4
DA:204,4
DA:214,4
DA:227,0
DA:232,0
DA:233,0
DA:249,0
DA:256,0
DA:257,0
DA:265,1
DA:290,3
DA:296,3
DA:305,3
DA:318,0
DA:323,0
DA:324,0
DA:345,0
DA:357,0
DA:358,0
DA:371,0
DA:376,0
DA:377,0
DA:385,1
DA:410,2
DA:416,2
DA:425,2
DA:439,0
DA:443,0
DA:444,0
DA:458,0
DA:473,0
DA:474,0
DA:487,0
DA:493,0
DA:494,0
DA:502,1
DA:516,1
DA:527,1
DA:528,1
DA:541,1
DA:545,1
DA:546,1
DA:559,0
DA:563,0
DA:564,0
DA:572,1
DA:586,4
DA:592,4
DA:593,4
DA:608,1
DA:613,1
DA:614,1
DA:627,0
DA:633,0
DA:634,0
DA:647,0
DA:652,0
DA:653,0
DA:666,0
DA:672,0
DA:673,0
DA:677,1
LF:95
LH:49
BRDA:62,0,0,1
BRDA:62,0,1,0
BRDA:107,1,0,1
BRDA:107,1,1,0
BRDA:114,2,0,0
BRDA:114,2,1,1
BRDA:142,3,0,0
BRDA:142,3,1,0
BRDA:444,4,0,0
BRDA:444,4,1,0
BRDA:474,5,0,0
BRDA:474,5,1,0
BRDA:515,6,0,0
BRDA:564,7,0,0
BRDA:564,7,1,0
BRDA:614,8,0,1
BRDA:614,8,1,0
BRF:17
BRH:4
end_of_record
TN:
SF:src\reporting.js
FN:41,(anonymous_0)
FN:96,(anonymous_1)
FN:145,(anonymous_2)
FN:241,(anonymous_3)
FN:301,(anonymous_4)
FNF:5
FNH:3
FNDA:1,(anonymous_0)
FNDA:1,(anonymous_1)
FNDA:1,(anonymous_2)
FNDA:0,(anonymous_3)
FNDA:0,(anonymous_4)
DA:14,1
DA:19,1
DA:42,1
DA:44,1
DA:65,1
DA:66,1
DA:68,0
DA:69,0
DA:97,1
DA:99,1
DA:117,1
DA:118,1
DA:120,0
DA:121,0
DA:146,1
DA:148,1
DA:175,1
DA:177,1
DA:178,0
DA:182,1
DA:185,1
DA:187,1
DA:188,0
DA:189,1
DA:190,0
DA:191,1
DA:192,0
DA:193,1
DA:194,1
DA:195,0
DA:196,0
DA:199,1
DA:220,0
DA:221,0
DA:242,0
DA:243,0
DA:245,0
DA:264,0
DA:265,0
DA:267,0
DA:268,0
DA:269,0
DA:272,0
DA:273,0
DA:274,0
DA:277,0
DA:278,0
DA:281,0
DA:283,0
DA:284,0
DA:286,0
DA:287,0
DA:302,0
DA:303,0
DA:315,0
DA:316,0
DA:318,0
DA:319,0
DA:324,1
LF:59
LH:23
BRDA:41,0,0,0
BRDA:177,1,0,0
BRDA:177,1,1,1
BRDA:187,2,0,0
BRDA:187,2,1,1
BRDA:189,3,0,0
BRDA:189,3,1,1
BRDA:191,4,0,0
BRDA:191,4,1,1
BRDA:193,5,0,1
BRDA:193,5,1,0
BRDA:195,6,0,0
BRDA:195,6,1,0
BRDA:241,7,0,0
BRDA:243,8,0,0
BRDA:267,9,0,0
BRDA:267,9,1,0
BRDA:267,10,0,0
BRDA:267,10,1,0
BRDA:272,11,0,0
BRDA:272,11,1,0
BRDA:277,12,0,0
BRDA:277,12,1,0
BRF:23
BRH:5
end_of_record
TN:
SF:src\routes.js
FN:29,(anonymous_0)
FN:58,(anonymous_1)
FN:85,(anonymous_2)
FN:121,(anonymous_3)
FN:166,(anonymous_4)
FN:203,(anonymous_5)
FN:252,(anonymous_6)
FN:298,(anonymous_7)
FN:323,(anonymous_8)
FN:344,(anonymous_9)
FN:366,(anonymous_10)
FNF:11
FNH:1
FNDA:1,(anonymous_0)
FNDA:0,(anonymous_1)
FNDA:0,(anonymous_2)
FNDA:0,(anonymous_3)
FNDA:0,(anonymous_4)
FNDA:0,(anonymous_5)
FNDA:0,(anonymous_6)
FNDA:0,(anonymous_7)
FNDA:0,(anonymous_8)
FNDA:0,(anonymous_9)
FNDA:0,(anonymous_10)
DA:14,1
DA:15,1
DA:16,1
DA:17,1
DA:18,1
DA:20,1
DA:29,1
DA:30,1
DA:58,1
DA:59,0
DA:60,0
DA:63,0
DA:66,0
DA:68,0
DA:75,0
DA:85,1
DA:86,0
DA:87,0
DA:89,0
DA:94,0
DA:121,1
DA:122,0
DA:123,0
DA:125,0
DA:126,0
DA:131,0
DA:137,0
DA:145,0
DA:166,1
DA:167,0
DA:168,0
DA:170,0
DA:171,0
DA:176,0
DA:178,0
DA:186,0
DA:203,1
DA:204,0
DA:205,0
DA:212,0
DA:214,0
DA:222,0
DA:252,1
DA:253,0
DA:254,0
DA:256,0
DA:257,0
DA:262,0
DA:264,0
DA:265,0
DA:271,0
DA:277,0
DA:298,1
DA:299,0
DA:300,0
DA:301,0
DA:303,0
DA:311,0
DA:323,1
DA:324,0
DA:325,0
DA:327,0
DA:333,0
DA:344,1
DA:345,0
DA:346,0
DA:348,0
DA:349,0
DA:351,0
DA:358,0
DA:366,1
DA:367,0
DA:369,0
DA:370,0
DA:372,0
DA:379,1
LF:76
LH:19
BRDA:123,0,0,0
BRDA:125,1,0,0
BRDA:125,1,1,0
BRDA:125,2,0,0
BRDA:125,2,1,0
BRDA:170,3,0,0
BRDA:170,3,1,0
BRDA:170,4,0,0
BRDA:170,4,1,0
BRDA:209,5,0,0
BRDA:209,5,1,0
BRDA:256,6,0,0
BRDA:256,6,1,0
BRDA:256,7,0,0
BRDA:256,7,1,0
BRDA:264,8,0,0
BRDA:264,8,1,0
BRDA:369,9,0,0
BRDA:369,9,1,0
BRDA:370,10,0,0
BRDA:370,10,1,0
BRF:21
BRH:0
end_of_record
TN:
SF:src\validation.js
FN:36,(anonymous_0)
FN:100,(anonymous_1)
FN:169,(anonymous_2)
FN:243,(anonymous_3)
FN:253,(anonymous_4)
FN:272,(anonymous_5)
FN:280,(anonymous_6)
FNF:7
FNH:2
FNDA:0,(anonymous_0)
FNDA:0,(anonymous_1)
FNDA:0,(anonymous_2)
FNDA:0,(anonymous_3)
FNDA:0,(anonymous_4)
FNDA:1,(anonymous_5)
FNDA:1,(anonymous_6)
DA:17,1
DA:23,1
DA:37,0
DA:39,0
DA:46,0
DA:48,0
DA:50,0
DA:51,0
DA:53,0
DA:58,0
DA:60,0
DA:66,0
DA:68,0
DA:72,0
DA:76,0
DA:80,0
DA:81,0
DA:83,0
DA:84,0
DA:101,0
DA:103,0
DA:110,0
DA:112,0
DA:114,0
DA:115,0
DA:117,0
DA:122,0
DA:124,0
DA:130,0
DA:132,0
DA:136,0
DA:140,0
DA:144,0
DA:145,0
DA:147,0
DA:148,0
DA:170,0
DA:172,0
DA:179,0
DA:181,0
DA:193,0
DA:194,0
DA:196,0
DA:197,0
DA:199,0
DA:204,0
DA:206,0
DA:212,0
DA:214,0
DA:218,0
DA:222,0
DA:226,0
DA:227,0
DA:229,0
DA:230,0
DA:244,0
DA:246,0
DA:248,0
DA:249,0
DA:250,0
DA:253,0
DA:254,0
DA:256,0
DA:273,1
DA:275,1
DA:276,1
DA:277,1
DA:278,1
DA:280,1
DA:281,1
DA:282,1
DA:283,1
DA:285,1
DA:295,1
DA:296,1
DA:298,0
DA:299,0
DA:304,1
LF:78
LH:15
BRDA:58,0,0,0
BRDA:58,0,1,0
BRDA:122,1,0,0
BRDA:122,1,1,0
BRDA:204,2,0,0
BRDA:204,2,1,0
BRDA:272,3,0,0
BRDA:289,4,0,0
BRDA:289,4,1,1
BRF:9
BRH:1
end_of_record
